;;; TOOL: run-interp-spec
;;; STDIN_FILE: third_party/testsuite/proposals/reference-types/ref_is_null.wast
(;; STDOUT ;;;
init(externref:1) =>
deinit() =>
out/test/spec/reference-types/ref_is_null.wast:52: assert_invalid passed:
  error: type mismatch in ref.is_null, expected reference but got [i32]
  000001b: error: OnRefIsNullExpr callback failed
out/test/spec/reference-types/ref_is_null.wast:56: assert_invalid passed:
  error: type mismatch in ref.is_null, expected reference but got []
  0000018: error: OnRefIsNullExpr callback failed
15/15 tests passed.
;;; STDOUT ;;)
