;;; TOOL: run-interp-spec
;;; STDIN_FILE: third_party/testsuite/proposals/reference-types/table_size.wast
(;; STDOUT ;;;
out/test/spec/reference-types/table_size.wast:70: assert_invalid passed:
  error: type mismatch in function, expected [] but got [i32]
  0000021: error: EndFunctionBody callback failed
out/test/spec/reference-types/table_size.wast:79: assert_invalid passed:
  error: type mismatch in implicit return, expected [f32] but got [i32]
  0000022: error: EndFunctionBody callback failed
38/38 tests passed.
;;; STDOUT ;;)
