;;; TOOL: run-interp-spec
;;; STDIN_FILE: third_party/testsuite/proposals/function-references/data.wast
;;; ARGS*: --enable-function-references
(;; STDOUT ;;;
out/test/spec/function-references/data.wast:290: assert_invalid passed:
  out/test/spec/function-references/data/data.39.wasm:000000c: error: memory variable out of range: 0 (max 0)
  000000c: error: BeginDataSegment callback failed
out/test/spec/function-references/data.wast:298: assert_invalid passed:
  out/test/spec/function-references/data/data.40.wasm:0000012: error: memory variable out of range: 1 (max 1)
  0000012: error: BeginDataSegment callback failed
out/test/spec/function-references/data.wast:311: assert_invalid passed:
  out/test/spec/function-references/data/data.41.wasm:000000c: error: memory variable out of range: 0 (max 0)
  000000c: error: BeginDataSegment callback failed
out/test/spec/function-references/data.wast:322: assert_invalid passed:
  out/test/spec/function-references/data/data.42.wasm:000000d: error: memory variable out of range: 1 (max 0)
  000000d: error: BeginDataSegment callback failed
out/test/spec/function-references/data.wast:334: assert_invalid passed:
  out/test/spec/function-references/data/data.43.wasm:0000012: error: memory variable out of range: 1 (max 1)
  0000012: error: BeginDataSegment callback failed
out/test/spec/function-references/data.wast:356: assert_invalid passed:
  out/test/spec/function-references/data/data.44.wasm:000000d: error: memory variable out of range: 1 (max 0)
  000000d: error: BeginDataSegment callback failed
out/test/spec/function-references/data.wast:375: assert_invalid passed:
  out/test/spec/function-references/data/data.45.wasm:0000013: error: type mismatch in initializer expression, expected [i32] but got [i64]
  0000014: error: EndDataSegmentInitExpr callback failed
out/test/spec/function-references/data.wast:383: assert_invalid passed:
  out/test/spec/function-references/data/data.46.wasm:0000013: error: type mismatch in initializer expression, expected [i32] but got [funcref]
  0000014: error: EndDataSegmentInitExpr callback failed
out/test/spec/function-references/data.wast:391: assert_invalid passed:
  out/test/spec/function-references/data/data.47.wasm:0000011: error: type mismatch in initializer expression, expected [i32] but got []
  0000012: error: EndDataSegmentInitExpr callback failed
out/test/spec/function-references/data.wast:399: assert_invalid passed:
  out/test/spec/function-references/data/data.48.wasm:0000015: error: type mismatch at end of initializer expression, expected [] but got [i32]
  0000016: error: EndDataSegmentInitExpr callback failed
out/test/spec/function-references/data.wast:407: assert_invalid passed:
  out/test/spec/function-references/data/data.49.wasm:000002b: error: type mismatch at end of initializer expression, expected [] but got [i32]
  000002c: error: EndDataSegmentInitExpr callback failed
out/test/spec/function-references/data.wast:416: assert_invalid passed:
  out/test/spec/function-references/data/data.50.wasm:000002b: error: type mismatch at end of initializer expression, expected [] but got [i32]
  000002c: error: EndDataSegmentInitExpr callback failed
out/test/spec/function-references/data.wast:425: assert_invalid passed:
  out/test/spec/function-references/data/data.51.wasm:0000014: error: invalid initializer: instruction not valid in initializer expression: i32.ctz
  0000014: error: OnUnaryExpr callback failed
out/test/spec/function-references/data.wast:433: assert_invalid passed:
  out/test/spec/function-references/data/data.52.wasm:0000012: error: invalid initializer: instruction not valid in initializer expression: nop
  0000012: error: OnNopExpr callback failed
out/test/spec/function-references/data.wast:441: assert_invalid passed:
  out/test/spec/function-references/data/data.53.wasm:0000012: error: invalid initializer: instruction not valid in initializer expression: nop
  0000012: error: OnNopExpr callback failed
out/test/spec/function-references/data.wast:449: assert_invalid passed:
  out/test/spec/function-references/data/data.54.wasm:0000014: error: invalid initializer: instruction not valid in initializer expression: nop
  0000014: error: OnNopExpr callback failed
out/test/spec/function-references/data.wast:457: assert_invalid passed:
  out/test/spec/function-references/data/data.55.wasm:0000020: error: initializer expression cannot reference a mutable global
  0000020: error: OnGlobalGetExpr callback failed
out/test/spec/function-references/data.wast:466: assert_invalid passed:
  out/test/spec/function-references/data/data.56.wasm:0000013: error: global variable out of range: 0 (max 0)
  0000013: error: OnGlobalGetExpr callback failed
out/test/spec/function-references/data.wast:474: assert_invalid passed:
  out/test/spec/function-references/data/data.57.wasm:0000029: error: global variable out of range: 1 (max 1)
  0000029: error: OnGlobalGetExpr callback failed
out/test/spec/function-references/data.wast:483: assert_invalid passed:
  out/test/spec/function-references/data/data.58.wasm:000002d: error: initializer expression cannot reference a mutable global
  000002d: error: OnGlobalGetExpr callback failed
59/59 tests passed.
;;; STDOUT ;;)
