;;; TOOL: run-interp-spec
;;; STDIN_FILE: third_party/testsuite/proposals/exception-handling/throw.wast
;;; ARGS*: --enable-exceptions
(;; STDOUT ;;;
out/test/spec/exception-handling/throw.wast:39: assert_exception passed
out/test/spec/exception-handling/throw.wast:40: assert_exception passed
out/test/spec/exception-handling/throw.wast:42: assert_exception passed
out/test/spec/exception-handling/throw.wast:43: assert_exception passed
out/test/spec/exception-handling/throw.wast:44: assert_exception passed
out/test/spec/exception-handling/throw.wast:46: assert_exception passed
out/test/spec/exception-handling/throw.wast:47: assert_exception passed
out/test/spec/exception-handling/throw.wast:51: assert_invalid passed:
  out/test/spec/exception-handling/throw/throw.1.wasm:0000019: error: tag variable out of range: 0 (max 0)
  0000019: error: OnThrowExpr callback failed
out/test/spec/exception-handling/throw.wast:52: assert_invalid passed:
  out/test/spec/exception-handling/throw/throw.2.wasm:0000022: error: type mismatch in throw, expected [i32] but got []
  0000022: error: OnThrowExpr callback failed
out/test/spec/exception-handling/throw.wast:54: assert_invalid passed:
  out/test/spec/exception-handling/throw/throw.3.wasm:0000024: error: type mismatch in throw, expected [i32] but got [i64]
  0000024: error: OnThrowExpr callback failed
13/13 tests passed.
;;; STDOUT ;;)
