;;; TOOL: run-interp-spec
;;; STDIN_FILE: third_party/testsuite/proposals/bulk-memory-operations/binary.wast
;;; ARGS*: --enable-bulk-memory
(;; STDOUT ;;;
out/test/spec/bulk-memory-operations/binary.wast:6: assert_malformed passed:
  0000000: error: unable to read uint32_t: magic
out/test/spec/bulk-memory-operations/binary.wast:7: assert_malformed passed:
  0000000: error: unable to read uint32_t: magic
out/test/spec/bulk-memory-operations/binary.wast:8: assert_malformed passed:
  0000000: error: unable to read uint32_t: magic
out/test/spec/bulk-memory-operations/binary.wast:9: assert_malformed passed:
  0000004: error: bad magic value
out/test/spec/bulk-memory-operations/binary.wast:10: assert_malformed passed:
  0000004: error: bad magic value
out/test/spec/bulk-memory-operations/binary.wast:11: assert_malformed passed:
  0000004: error: bad magic value
out/test/spec/bulk-memory-operations/binary.wast:12: assert_malformed passed:
  0000004: error: bad magic value
out/test/spec/bulk-memory-operations/binary.wast:13: assert_malformed passed:
  0000004: error: bad magic value
out/test/spec/bulk-memory-operations/binary.wast:14: assert_malformed passed:
  0000004: error: bad magic value
out/test/spec/bulk-memory-operations/binary.wast:15: assert_malformed passed:
  0000004: error: bad magic value
out/test/spec/bulk-memory-operations/binary.wast:16: assert_malformed passed:
  0000004: error: bad magic value
out/test/spec/bulk-memory-operations/binary.wast:17: assert_malformed passed:
  0000004: error: bad magic value
out/test/spec/bulk-memory-operations/binary.wast:18: assert_malformed passed:
  0000004: error: bad magic value
out/test/spec/bulk-memory-operations/binary.wast:21: assert_malformed passed:
  0000004: error: bad magic value
out/test/spec/bulk-memory-operations/binary.wast:24: assert_malformed passed:
  0000004: error: bad magic value
out/test/spec/bulk-memory-operations/binary.wast:25: assert_malformed passed:
  0000004: error: bad magic value
out/test/spec/bulk-memory-operations/binary.wast:28: assert_malformed passed:
  0000004: error: bad magic value
out/test/spec/bulk-memory-operations/binary.wast:31: assert_malformed passed:
  0000004: error: bad magic value
out/test/spec/bulk-memory-operations/binary.wast:34: assert_malformed passed:
  0000004: error: bad magic value
out/test/spec/bulk-memory-operations/binary.wast:37: assert_malformed passed:
  0000004: error: unable to read uint32_t: version
out/test/spec/bulk-memory-operations/binary.wast:38: assert_malformed passed:
  0000004: error: unable to read uint32_t: version
out/test/spec/bulk-memory-operations/binary.wast:39: assert_malformed passed:
  0000004: error: unable to read uint32_t: version
out/test/spec/bulk-memory-operations/binary.wast:40: assert_malformed passed:
  0000008: error: bad wasm file version: 0 (expected 0x1)
out/test/spec/bulk-memory-operations/binary.wast:41: assert_malformed passed:
  0000008: error: bad wasm file version: 0xd (expected 0x1)
out/test/spec/bulk-memory-operations/binary.wast:42: assert_malformed passed:
  0000008: error: bad wasm file version: 0xe (expected 0x1)
out/test/spec/bulk-memory-operations/binary.wast:43: assert_malformed passed:
  0000008: error: bad wasm file version: 0x100 (expected 0x1)
out/test/spec/bulk-memory-operations/binary.wast:44: assert_malformed passed:
  0000008: error: bad wasm file version: 0x10000 (expected 0x1)
out/test/spec/bulk-memory-operations/binary.wast:45: assert_malformed passed:
  0000008: error: bad wasm file version: 0x1000000 (expected 0x1)
out/test/spec/bulk-memory-operations/binary.wast:140: assert_malformed passed:
  000000c: error: unable to read u32 leb128: memory initial page count
out/test/spec/bulk-memory-operations/binary.wast:150: assert_malformed passed:
  000000e: error: unable to read i32 leb128: init_expr i32.const value
out/test/spec/bulk-memory-operations/binary.wast:160: assert_malformed passed:
  000000e: error: unable to read i32 leb128: init_expr i32.const value
out/test/spec/bulk-memory-operations/binary.wast:171: assert_malformed passed:
  000000e: error: unable to read i64 leb128: init_expr i64.const value
out/test/spec/bulk-memory-operations/binary.wast:181: assert_malformed passed:
  000000e: error: unable to read i64 leb128: init_expr i64.const value
out/test/spec/bulk-memory-operations/binary.wast:193: assert_malformed passed:
  000000c: error: unable to read u32 leb128: memory initial page count
out/test/spec/bulk-memory-operations/binary.wast:201: assert_malformed passed:
  000000c: error: unable to read u32 leb128: memory initial page count
out/test/spec/bulk-memory-operations/binary.wast:211: assert_malformed passed:
  000000e: error: unable to read i32 leb128: init_expr i32.const value
out/test/spec/bulk-memory-operations/binary.wast:221: assert_malformed passed:
  000000e: error: unable to read i32 leb128: init_expr i32.const value
out/test/spec/bulk-memory-operations/binary.wast:231: assert_malformed passed:
  000000e: error: unable to read i32 leb128: init_expr i32.const value
out/test/spec/bulk-memory-operations/binary.wast:241: assert_malformed passed:
  000000e: error: unable to read i32 leb128: init_expr i32.const value
out/test/spec/bulk-memory-operations/binary.wast:252: assert_malformed passed:
  000000e: error: unable to read i64 leb128: init_expr i64.const value
out/test/spec/bulk-memory-operations/binary.wast:262: assert_malformed passed:
  000000e: error: unable to read i64 leb128: init_expr i64.const value
out/test/spec/bulk-memory-operations/binary.wast:272: assert_malformed passed:
  000000e: error: unable to read i64 leb128: init_expr i64.const value
out/test/spec/bulk-memory-operations/binary.wast:282: assert_malformed passed:
  000000e: error: unable to read i64 leb128: init_expr i64.const value
out/test/spec/bulk-memory-operations/binary.wast:295: assert_malformed passed:
  0000022: error: call_indirect reserved value must be 0
out/test/spec/bulk-memory-operations/binary.wast:314: assert_malformed passed:
  0000022: error: call_indirect reserved value must be 0
out/test/spec/bulk-memory-operations/binary.wast:333: assert_malformed passed:
  0000022: error: call_indirect reserved value must be 0
out/test/spec/bulk-memory-operations/binary.wast:351: assert_malformed passed:
  0000022: error: call_indirect reserved value must be 0
out/test/spec/bulk-memory-operations/binary.wast:369: assert_malformed passed:
  0000022: error: call_indirect reserved value must be 0
out/test/spec/bulk-memory-operations/binary.wast:388: assert_malformed passed:
  0000020: error: memory.grow reserved value must be 0
out/test/spec/bulk-memory-operations/binary.wast:408: assert_malformed passed:
  0000020: error: memory.grow reserved value must be 0
out/test/spec/bulk-memory-operations/binary.wast:428: assert_malformed passed:
  0000020: error: memory.grow reserved value must be 0
out/test/spec/bulk-memory-operations/binary.wast:447: assert_malformed passed:
  0000020: error: memory.grow reserved value must be 0
out/test/spec/bulk-memory-operations/binary.wast:466: assert_malformed passed:
  0000020: error: memory.grow reserved value must be 0
out/test/spec/bulk-memory-operations/binary.wast:486: assert_malformed passed:
  000001e: error: memory.size reserved value must be 0
out/test/spec/bulk-memory-operations/binary.wast:505: assert_malformed passed:
  000001e: error: memory.size reserved value must be 0
out/test/spec/bulk-memory-operations/binary.wast:524: assert_malformed passed:
  000001e: error: memory.size reserved value must be 0
out/test/spec/bulk-memory-operations/binary.wast:542: assert_malformed passed:
  000001e: error: memory.size reserved value must be 0
out/test/spec/bulk-memory-operations/binary.wast:560: assert_malformed passed:
  000001e: error: memory.size reserved value must be 0
out/test/spec/bulk-memory-operations/binary.wast:579: assert_malformed passed:
  000001c: error: local count must be < 0x10000000
out/test/spec/bulk-memory-operations/binary.wast:611: assert_malformed passed:
  0000013: error: function signature count != function body count
out/test/spec/bulk-memory-operations/binary.wast:621: assert_malformed passed:
  000000b: error: function signature count != function body count
out/test/spec/bulk-memory-operations/binary.wast:630: assert_malformed passed:
  0000016: error: function signature count != function body count
out/test/spec/bulk-memory-operations/binary.wast:641: assert_malformed passed:
  0000015: error: function signature count != function body count
out/test/spec/bulk-memory-operations/binary.wast:664: assert_malformed passed:
  000000e: error: data segment count does not equal count in DataCount section
out/test/spec/bulk-memory-operations/binary.wast:674: assert_malformed passed:
  000000e: error: data segment count does not equal count in DataCount section
out/test/spec/bulk-memory-operations/binary.wast:684: assert_malformed passed:
  0000024: error: memory.init requires data count section
out/test/spec/bulk-memory-operations/binary.wast:706: assert_malformed passed:
  000001e: error: data.drop requires data count section
out/test/spec/bulk-memory-operations/binary.wast:725: assert_malformed passed:
  0000024: error: expected ref.null or ref.func in passive element segment
  0000025: error: expected END opcode after element expression
out/test/spec/bulk-memory-operations/binary.wast:751: assert_malformed passed:
  0000022: error: segment elem expr type must be a reference type (got i32)
out/test/spec/bulk-memory-operations/binary.wast:832: assert_malformed passed:
  000000a: error: invalid section size: extends past end
out/test/spec/bulk-memory-operations/binary.wast:843: assert_malformed passed:
  000000e: error: unfinished section (expected end: 0x11)
out/test/spec/bulk-memory-operations/binary.wast:862: assert_malformed passed:
  0000027: error: unable to read u32 leb128: string length
out/test/spec/bulk-memory-operations/binary.wast:881: assert_malformed passed:
  000002b: error: unfinished section (expected end: 0x40)
out/test/spec/bulk-memory-operations/binary.wast:912: assert_malformed passed:
  000000b: error: invalid table count 1, only 0 bytes left in section
out/test/spec/bulk-memory-operations/binary.wast:928: assert_malformed passed:
  000000b: error: invalid memory count 1, only 0 bytes left in section
out/test/spec/bulk-memory-operations/binary.wast:944: assert_malformed passed:
  0000010: error: unable to read i32 leb128: global type
out/test/spec/bulk-memory-operations/binary.wast:955: assert_malformed passed:
  0000010: error: unfinished section (expected end: 0x15)
out/test/spec/bulk-memory-operations/binary.wast:978: assert_malformed passed:
  000001b: error: unable to read u32 leb128: string length
out/test/spec/bulk-memory-operations/binary.wast:999: assert_malformed passed:
  000001b: error: unfinished section (expected end: 0x20)
out/test/spec/bulk-memory-operations/binary.wast:1033: assert_malformed passed:
  0000021: error: unable to read u32 leb128: elem segment flags
out/test/spec/bulk-memory-operations/binary.wast:1051: assert_malformed passed:
  0000021: error: unfinished section (expected end: 0x27)
out/test/spec/bulk-memory-operations/binary.wast:1077: assert_malformed passed:
  0000016: error: unable to read u32 leb128: data segment flags
out/test/spec/bulk-memory-operations/binary.wast:1090: assert_malformed passed:
  0000016: error: unfinished section (expected end: 0x1c)
out/test/spec/bulk-memory-operations/binary.wast:1103: assert_malformed passed:
  0000015: error: unable to read data: data segment data
out/test/spec/bulk-memory-operations/binary.wast:1117: assert_malformed passed:
  000001a: error: unfinished section (expected end: 0x1b)
out/test/spec/bulk-memory-operations/binary.wast:1148: assert_malformed passed:
  error: invalid depth: 11 (max 2)
  0000024: error: OnBrTableExpr callback failed
out/test/spec/bulk-memory-operations/binary.wast:1170: assert_malformed passed:
  0000025: error: expected valid block signature type
out/test/spec/bulk-memory-operations/binary.wast:1205: assert_malformed passed:
  0000017: error: multiple Start sections
88/88 tests passed.
;;; STDOUT ;;)
