;;; TOOL: run-interp-spec
;;; STDIN_FILE: third_party/testsuite/proposals/bulk-memory-operations/elem.wast
(;; STDOUT ;;;
out/test/spec/bulk-memory-operations/elem.wast:300: assert_invalid passed:
  0000000: error: table variable out of range: 0 (max 0)
  0000016: error: BeginElemSegment callback failed
out/test/spec/bulk-memory-operations/elem.wast:310: assert_invalid passed:
  0000014: error: expected i32 init_expr
out/test/spec/bulk-memory-operations/elem.wast:318: assert_invalid passed:
  0000015: error: expected END opcode after initializer expression
out/test/spec/bulk-memory-operations/elem.wast:326: assert_invalid passed:
  0000013: error: unexpected opcode in initializer expression: 0x1
out/test/spec/bulk-memory-operations/elem.wast:334: assert_invalid passed:
  0000013: error: unexpected opcode in initializer expression: 0x1
out/test/spec/bulk-memory-operations/elem.wast:342: assert_invalid passed:
  0000015: error: expected END opcode after initializer expression
out/test/spec/bulk-memory-operations/elem.wast:405: assert_trap passed: uninitialized table element
31/31 tests passed.
;;; STDOUT ;;)
