;;; TOOL: run-interp-spec
;;; STDIN_FILE: third_party/testsuite/proposals/bulk-memory-operations/table_init.wast
;;; ARGS*: --enable-bulk-memory
(;; STDOUT ;;;
test() =>
out/test/spec/bulk-memory-operations/table_init.wast:40: assert_trap passed: uninitialized table element
out/test/spec/bulk-memory-operations/table_init.wast:41: assert_trap passed: uninitialized table element
out/test/spec/bulk-memory-operations/table_init.wast:46: assert_trap passed: uninitialized table element
out/test/spec/bulk-memory-operations/table_init.wast:51: assert_trap passed: uninitialized table element
out/test/spec/bulk-memory-operations/table_init.wast:57: assert_trap passed: uninitialized table element
out/test/spec/bulk-memory-operations/table_init.wast:58: assert_trap passed: uninitialized table element
out/test/spec/bulk-memory-operations/table_init.wast:59: assert_trap passed: uninitialized table element
out/test/spec/bulk-memory-operations/table_init.wast:60: assert_trap passed: uninitialized table element
out/test/spec/bulk-memory-operations/table_init.wast:61: assert_trap passed: uninitialized table element
out/test/spec/bulk-memory-operations/table_init.wast:62: assert_trap passed: uninitialized table element
out/test/spec/bulk-memory-operations/table_init.wast:63: assert_trap passed: uninitialized table element
out/test/spec/bulk-memory-operations/table_init.wast:64: assert_trap passed: uninitialized table element
out/test/spec/bulk-memory-operations/table_init.wast:65: assert_trap passed: uninitialized table element
out/test/spec/bulk-memory-operations/table_init.wast:66: assert_trap passed: uninitialized table element
out/test/spec/bulk-memory-operations/table_init.wast:67: assert_trap passed: uninitialized table element
out/test/spec/bulk-memory-operations/table_init.wast:68: assert_trap passed: uninitialized table element
out/test/spec/bulk-memory-operations/table_init.wast:69: assert_trap passed: uninitialized table element
test() =>
out/test/spec/bulk-memory-operations/table_init.wast:97: assert_trap passed: uninitialized table element
out/test/spec/bulk-memory-operations/table_init.wast:98: assert_trap passed: uninitialized table element
out/test/spec/bulk-memory-operations/table_init.wast:103: assert_trap passed: uninitialized table element
out/test/spec/bulk-memory-operations/table_init.wast:104: assert_trap passed: uninitialized table element
out/test/spec/bulk-memory-operations/table_init.wast:105: assert_trap passed: uninitialized table element
out/test/spec/bulk-memory-operations/table_init.wast:106: assert_trap passed: uninitialized table element
out/test/spec/bulk-memory-operations/table_init.wast:107: assert_trap passed: uninitialized table element
out/test/spec/bulk-memory-operations/table_init.wast:108: assert_trap passed: uninitialized table element
out/test/spec/bulk-memory-operations/table_init.wast:115: assert_trap passed: uninitialized table element
out/test/spec/bulk-memory-operations/table_init.wast:116: assert_trap passed: uninitialized table element
out/test/spec/bulk-memory-operations/table_init.wast:117: assert_trap passed: uninitialized table element
out/test/spec/bulk-memory-operations/table_init.wast:118: assert_trap passed: uninitialized table element
out/test/spec/bulk-memory-operations/table_init.wast:119: assert_trap passed: uninitialized table element
out/test/spec/bulk-memory-operations/table_init.wast:120: assert_trap passed: uninitialized table element
out/test/spec/bulk-memory-operations/table_init.wast:121: assert_trap passed: uninitialized table element
out/test/spec/bulk-memory-operations/table_init.wast:122: assert_trap passed: uninitialized table element
out/test/spec/bulk-memory-operations/table_init.wast:123: assert_trap passed: uninitialized table element
out/test/spec/bulk-memory-operations/table_init.wast:124: assert_trap passed: uninitialized table element
out/test/spec/bulk-memory-operations/table_init.wast:125: assert_trap passed: uninitialized table element
out/test/spec/bulk-memory-operations/table_init.wast:126: assert_trap passed: uninitialized table element
test() =>
out/test/spec/bulk-memory-operations/table_init.wast:162: assert_trap passed: uninitialized table element
out/test/spec/bulk-memory-operations/table_init.wast:163: assert_trap passed: uninitialized table element
out/test/spec/bulk-memory-operations/table_init.wast:168: assert_trap passed: uninitialized table element
out/test/spec/bulk-memory-operations/table_init.wast:173: assert_trap passed: uninitialized table element
out/test/spec/bulk-memory-operations/table_init.wast:175: assert_trap passed: uninitialized table element
out/test/spec/bulk-memory-operations/table_init.wast:180: assert_trap passed: uninitialized table element
out/test/spec/bulk-memory-operations/table_init.wast:182: assert_trap passed: uninitialized table element
out/test/spec/bulk-memory-operations/table_init.wast:184: assert_trap passed: uninitialized table element
out/test/spec/bulk-memory-operations/table_init.wast:187: assert_trap passed: uninitialized table element
out/test/spec/bulk-memory-operations/table_init.wast:188: assert_trap passed: uninitialized table element
out/test/spec/bulk-memory-operations/table_init.wast:189: assert_trap passed: uninitialized table element
out/test/spec/bulk-memory-operations/table_init.wast:190: assert_trap passed: uninitialized table element
out/test/spec/bulk-memory-operations/table_init.wast:191: assert_trap passed: uninitialized table element
out/test/spec/bulk-memory-operations/table_init.wast:193: assert_invalid passed:
  error: invalid elem_segment_index: 0 (max 0)
  0000027: error: OnElemDropExpr callback failed
out/test/spec/bulk-memory-operations/table_init.wast:199: assert_invalid passed:
  error: table.init requires an imported or defined table.
  000002e: error: OnTableInitExpr callback failed
out/test/spec/bulk-memory-operations/table_init.wast:205: assert_invalid passed:
  0000024: error: elem section without table section
out/test/spec/bulk-memory-operations/table_init.wast:213: assert_invalid passed:
  0000024: error: elem section without table section
out/test/spec/bulk-memory-operations/table_init.wast:242: assert_trap passed: element segment dropped
out/test/spec/bulk-memory-operations/table_init.wast:265: assert_trap passed: element segment dropped
test() =>
out/test/spec/bulk-memory-operations/table_init.wast:311: assert_trap passed: element segment dropped
out/test/spec/bulk-memory-operations/table_init.wast:334: assert_trap passed: element segment dropped
out/test/spec/bulk-memory-operations/table_init.wast:357: assert_trap passed: out of bounds table access: table.init out of bounds
out/test/spec/bulk-memory-operations/table_init.wast:380: assert_trap passed: out of bounds table access: table.init out of bounds
out/test/spec/bulk-memory-operations/table_init.wast:403: assert_trap passed: out of bounds table access: table.init out of bounds
test() =>
test() =>
test() =>
test() =>
test() =>
out/test/spec/bulk-memory-operations/table_init.wast:521: assert_invalid passed:
  error: type mismatch in table.init, expected [i32, i32, i32] but got [i32, i32, f32]
  000004a: error: OnTableInitExpr callback failed
out/test/spec/bulk-memory-operations/table_init.wast:530: assert_invalid passed:
  error: type mismatch in table.init, expected [i32, i32, i32] but got [i32, i32, i64]
  0000047: error: OnTableInitExpr callback failed
out/test/spec/bulk-memory-operations/table_init.wast:539: assert_invalid passed:
  error: type mismatch in table.init, expected [i32, i32, i32] but got [i32, i32, f64]
  000004e: error: OnTableInitExpr callback failed
out/test/spec/bulk-memory-operations/table_init.wast:548: assert_invalid passed:
  error: type mismatch in table.init, expected [i32, i32, i32] but got [i32, f32, i32]
  000004a: error: OnTableInitExpr callback failed
out/test/spec/bulk-memory-operations/table_init.wast:557: assert_invalid passed:
  error: type mismatch in table.init, expected [i32, i32, i32] but got [i32, f32, f32]
  000004d: error: OnTableInitExpr callback failed
out/test/spec/bulk-memory-operations/table_init.wast:566: assert_invalid passed:
  error: type mismatch in table.init, expected [i32, i32, i32] but got [i32, f32, i64]
  000004a: error: OnTableInitExpr callback failed
out/test/spec/bulk-memory-operations/table_init.wast:575: assert_invalid passed:
  error: type mismatch in table.init, expected [i32, i32, i32] but got [i32, f32, f64]
  0000051: error: OnTableInitExpr callback failed
out/test/spec/bulk-memory-operations/table_init.wast:584: assert_invalid passed:
  error: type mismatch in table.init, expected [i32, i32, i32] but got [i32, i64, i32]
  0000047: error: OnTableInitExpr callback failed
out/test/spec/bulk-memory-operations/table_init.wast:593: assert_invalid passed:
  error: type mismatch in table.init, expected [i32, i32, i32] but got [i32, i64, f32]
  000004a: error: OnTableInitExpr callback failed
out/test/spec/bulk-memory-operations/table_init.wast:602: assert_invalid passed:
  error: type mismatch in table.init, expected [i32, i32, i32] but got [i32, i64, i64]
  0000047: error: OnTableInitExpr callback failed
out/test/spec/bulk-memory-operations/table_init.wast:611: assert_invalid passed:
  error: type mismatch in table.init, expected [i32, i32, i32] but got [i32, i64, f64]
  000004e: error: OnTableInitExpr callback failed
out/test/spec/bulk-memory-operations/table_init.wast:620: assert_invalid passed:
  error: type mismatch in table.init, expected [i32, i32, i32] but got [i32, f64, i32]
  000004e: error: OnTableInitExpr callback failed
out/test/spec/bulk-memory-operations/table_init.wast:629: assert_invalid passed:
  error: type mismatch in table.init, expected [i32, i32, i32] but got [i32, f64, f32]
  0000051: error: OnTableInitExpr callback failed
out/test/spec/bulk-memory-operations/table_init.wast:638: assert_invalid passed:
  error: type mismatch in table.init, expected [i32, i32, i32] but got [i32, f64, i64]
  000004e: error: OnTableInitExpr callback failed
out/test/spec/bulk-memory-operations/table_init.wast:647: assert_invalid passed:
  error: type mismatch in table.init, expected [i32, i32, i32] but got [i32, f64, f64]
  0000055: error: OnTableInitExpr callback failed
out/test/spec/bulk-memory-operations/table_init.wast:656: assert_invalid passed:
  error: type mismatch in table.init, expected [i32, i32, i32] but got [f32, i32, i32]
  000004a: error: OnTableInitExpr callback failed
out/test/spec/bulk-memory-operations/table_init.wast:665: assert_invalid passed:
  error: type mismatch in table.init, expected [i32, i32, i32] but got [f32, i32, f32]
  000004d: error: OnTableInitExpr callback failed
out/test/spec/bulk-memory-operations/table_init.wast:674: assert_invalid passed:
  error: type mismatch in table.init, expected [i32, i32, i32] but got [f32, i32, i64]
  000004a: error: OnTableInitExpr callback failed
out/test/spec/bulk-memory-operations/table_init.wast:683: assert_invalid passed:
  error: type mismatch in table.init, expected [i32, i32, i32] but got [f32, i32, f64]
  0000051: error: OnTableInitExpr callback failed
out/test/spec/bulk-memory-operations/table_init.wast:692: assert_invalid passed:
  error: type mismatch in table.init, expected [i32, i32, i32] but got [f32, f32, i32]
  000004d: error: OnTableInitExpr callback failed
out/test/spec/bulk-memory-operations/table_init.wast:701: assert_invalid passed:
  error: type mismatch in table.init, expected [i32, i32, i32] but got [f32, f32, f32]
  0000050: error: OnTableInitExpr callback failed
out/test/spec/bulk-memory-operations/table_init.wast:710: assert_invalid passed:
  error: type mismatch in table.init, expected [i32, i32, i32] but got [f32, f32, i64]
  000004d: error: OnTableInitExpr callback failed
out/test/spec/bulk-memory-operations/table_init.wast:719: assert_invalid passed:
  error: type mismatch in table.init, expected [i32, i32, i32] but got [f32, f32, f64]
  0000054: error: OnTableInitExpr callback failed
out/test/spec/bulk-memory-operations/table_init.wast:728: assert_invalid passed:
  error: type mismatch in table.init, expected [i32, i32, i32] but got [f32, i64, i32]
  000004a: error: OnTableInitExpr callback failed
out/test/spec/bulk-memory-operations/table_init.wast:737: assert_invalid passed:
  error: type mismatch in table.init, expected [i32, i32, i32] but got [f32, i64, f32]
  000004d: error: OnTableInitExpr callback failed
out/test/spec/bulk-memory-operations/table_init.wast:746: assert_invalid passed:
  error: type mismatch in table.init, expected [i32, i32, i32] but got [f32, i64, i64]
  000004a: error: OnTableInitExpr callback failed
out/test/spec/bulk-memory-operations/table_init.wast:755: assert_invalid passed:
  error: type mismatch in table.init, expected [i32, i32, i32] but got [f32, i64, f64]
  0000051: error: OnTableInitExpr callback failed
out/test/spec/bulk-memory-operations/table_init.wast:764: assert_invalid passed:
  error: type mismatch in table.init, expected [i32, i32, i32] but got [f32, f64, i32]
  0000051: error: OnTableInitExpr callback failed
out/test/spec/bulk-memory-operations/table_init.wast:773: assert_invalid passed:
  error: type mismatch in table.init, expected [i32, i32, i32] but got [f32, f64, f32]
  0000054: error: OnTableInitExpr callback failed
out/test/spec/bulk-memory-operations/table_init.wast:782: assert_invalid passed:
  error: type mismatch in table.init, expected [i32, i32, i32] but got [f32, f64, i64]
  0000051: error: OnTableInitExpr callback failed
out/test/spec/bulk-memory-operations/table_init.wast:791: assert_invalid passed:
  error: type mismatch in table.init, expected [i32, i32, i32] but got [f32, f64, f64]
  0000058: error: OnTableInitExpr callback failed
out/test/spec/bulk-memory-operations/table_init.wast:800: assert_invalid passed:
  error: type mismatch in table.init, expected [i32, i32, i32] but got [i64, i32, i32]
  0000047: error: OnTableInitExpr callback failed
out/test/spec/bulk-memory-operations/table_init.wast:809: assert_invalid passed:
  error: type mismatch in table.init, expected [i32, i32, i32] but got [i64, i32, f32]
  000004a: error: OnTableInitExpr callback failed
out/test/spec/bulk-memory-operations/table_init.wast:818: assert_invalid passed:
  error: type mismatch in table.init, expected [i32, i32, i32] but got [i64, i32, i64]
  0000047: error: OnTableInitExpr callback failed
out/test/spec/bulk-memory-operations/table_init.wast:827: assert_invalid passed:
  error: type mismatch in table.init, expected [i32, i32, i32] but got [i64, i32, f64]
  000004e: error: OnTableInitExpr callback failed
out/test/spec/bulk-memory-operations/table_init.wast:836: assert_invalid passed:
  error: type mismatch in table.init, expected [i32, i32, i32] but got [i64, f32, i32]
  000004a: error: OnTableInitExpr callback failed
out/test/spec/bulk-memory-operations/table_init.wast:845: assert_invalid passed:
  error: type mismatch in table.init, expected [i32, i32, i32] but got [i64, f32, f32]
  000004d: error: OnTableInitExpr callback failed
out/test/spec/bulk-memory-operations/table_init.wast:854: assert_invalid passed:
  error: type mismatch in table.init, expected [i32, i32, i32] but got [i64, f32, i64]
  000004a: error: OnTableInitExpr callback failed
out/test/spec/bulk-memory-operations/table_init.wast:863: assert_invalid passed:
  error: type mismatch in table.init, expected [i32, i32, i32] but got [i64, f32, f64]
  0000051: error: OnTableInitExpr callback failed
out/test/spec/bulk-memory-operations/table_init.wast:872: assert_invalid passed:
  error: type mismatch in table.init, expected [i32, i32, i32] but got [i64, i64, i32]
  0000047: error: OnTableInitExpr callback failed
out/test/spec/bulk-memory-operations/table_init.wast:881: assert_invalid passed:
  error: type mismatch in table.init, expected [i32, i32, i32] but got [i64, i64, f32]
  000004a: error: OnTableInitExpr callback failed
out/test/spec/bulk-memory-operations/table_init.wast:890: assert_invalid passed:
  error: type mismatch in table.init, expected [i32, i32, i32] but got [i64, i64, i64]
  0000047: error: OnTableInitExpr callback failed
out/test/spec/bulk-memory-operations/table_init.wast:899: assert_invalid passed:
  error: type mismatch in table.init, expected [i32, i32, i32] but got [i64, i64, f64]
  000004e: error: OnTableInitExpr callback failed
out/test/spec/bulk-memory-operations/table_init.wast:908: assert_invalid passed:
  error: type mismatch in table.init, expected [i32, i32, i32] but got [i64, f64, i32]
  000004e: error: OnTableInitExpr callback failed
out/test/spec/bulk-memory-operations/table_init.wast:917: assert_invalid passed:
  error: type mismatch in table.init, expected [i32, i32, i32] but got [i64, f64, f32]
  0000051: error: OnTableInitExpr callback failed
out/test/spec/bulk-memory-operations/table_init.wast:926: assert_invalid passed:
  error: type mismatch in table.init, expected [i32, i32, i32] but got [i64, f64, i64]
  000004e: error: OnTableInitExpr callback failed
out/test/spec/bulk-memory-operations/table_init.wast:935: assert_invalid passed:
  error: type mismatch in table.init, expected [i32, i32, i32] but got [i64, f64, f64]
  0000055: error: OnTableInitExpr callback failed
out/test/spec/bulk-memory-operations/table_init.wast:944: assert_invalid passed:
  error: type mismatch in table.init, expected [i32, i32, i32] but got [f64, i32, i32]
  000004e: error: OnTableInitExpr callback failed
out/test/spec/bulk-memory-operations/table_init.wast:953: assert_invalid passed:
  error: type mismatch in table.init, expected [i32, i32, i32] but got [f64, i32, f32]
  0000051: error: OnTableInitExpr callback failed
out/test/spec/bulk-memory-operations/table_init.wast:962: assert_invalid passed:
  error: type mismatch in table.init, expected [i32, i32, i32] but got [f64, i32, i64]
  000004e: error: OnTableInitExpr callback failed
out/test/spec/bulk-memory-operations/table_init.wast:971: assert_invalid passed:
  error: type mismatch in table.init, expected [i32, i32, i32] but got [f64, i32, f64]
  0000055: error: OnTableInitExpr callback failed
out/test/spec/bulk-memory-operations/table_init.wast:980: assert_invalid passed:
  error: type mismatch in table.init, expected [i32, i32, i32] but got [f64, f32, i32]
  0000051: error: OnTableInitExpr callback failed
out/test/spec/bulk-memory-operations/table_init.wast:989: assert_invalid passed:
  error: type mismatch in table.init, expected [i32, i32, i32] but got [f64, f32, f32]
  0000054: error: OnTableInitExpr callback failed
out/test/spec/bulk-memory-operations/table_init.wast:998: assert_invalid passed:
  error: type mismatch in table.init, expected [i32, i32, i32] but got [f64, f32, i64]
  0000051: error: OnTableInitExpr callback failed
out/test/spec/bulk-memory-operations/table_init.wast:1007: assert_invalid passed:
  error: type mismatch in table.init, expected [i32, i32, i32] but got [f64, f32, f64]
  0000058: error: OnTableInitExpr callback failed
out/test/spec/bulk-memory-operations/table_init.wast:1016: assert_invalid passed:
  error: type mismatch in table.init, expected [i32, i32, i32] but got [f64, i64, i32]
  000004e: error: OnTableInitExpr callback failed
out/test/spec/bulk-memory-operations/table_init.wast:1025: assert_invalid passed:
  error: type mismatch in table.init, expected [i32, i32, i32] but got [f64, i64, f32]
  0000051: error: OnTableInitExpr callback failed
out/test/spec/bulk-memory-operations/table_init.wast:1034: assert_invalid passed:
  error: type mismatch in table.init, expected [i32, i32, i32] but got [f64, i64, i64]
  000004e: error: OnTableInitExpr callback failed
out/test/spec/bulk-memory-operations/table_init.wast:1043: assert_invalid passed:
  error: type mismatch in table.init, expected [i32, i32, i32] but got [f64, i64, f64]
  0000055: error: OnTableInitExpr callback failed
out/test/spec/bulk-memory-operations/table_init.wast:1052: assert_invalid passed:
  error: type mismatch in table.init, expected [i32, i32, i32] but got [f64, f64, i32]
  0000055: error: OnTableInitExpr callback failed
out/test/spec/bulk-memory-operations/table_init.wast:1061: assert_invalid passed:
  error: type mismatch in table.init, expected [i32, i32, i32] but got [f64, f64, f32]
  0000058: error: OnTableInitExpr callback failed
out/test/spec/bulk-memory-operations/table_init.wast:1070: assert_invalid passed:
  error: type mismatch in table.init, expected [i32, i32, i32] but got [f64, f64, i64]
  0000055: error: OnTableInitExpr callback failed
out/test/spec/bulk-memory-operations/table_init.wast:1079: assert_invalid passed:
  error: type mismatch in table.init, expected [i32, i32, i32] but got [f64, f64, f64]
  000005c: error: OnTableInitExpr callback failed
out/test/spec/bulk-memory-operations/table_init.wast:1115: assert_trap passed: out of bounds table access: table.init out of bounds
out/test/spec/bulk-memory-operations/table_init.wast:1116: assert_trap passed: uninitialized table element
out/test/spec/bulk-memory-operations/table_init.wast:1117: assert_trap passed: uninitialized table element
out/test/spec/bulk-memory-operations/table_init.wast:1118: assert_trap passed: uninitialized table element
out/test/spec/bulk-memory-operations/table_init.wast:1119: assert_trap passed: uninitialized table element
out/test/spec/bulk-memory-operations/table_init.wast:1120: assert_trap passed: uninitialized table element
out/test/spec/bulk-memory-operations/table_init.wast:1121: assert_trap passed: uninitialized table element
out/test/spec/bulk-memory-operations/table_init.wast:1122: assert_trap passed: uninitialized table element
out/test/spec/bulk-memory-operations/table_init.wast:1123: assert_trap passed: uninitialized table element
out/test/spec/bulk-memory-operations/table_init.wast:1124: assert_trap passed: uninitialized table element
out/test/spec/bulk-memory-operations/table_init.wast:1125: assert_trap passed: uninitialized table element
out/test/spec/bulk-memory-operations/table_init.wast:1126: assert_trap passed: uninitialized table element
out/test/spec/bulk-memory-operations/table_init.wast:1127: assert_trap passed: uninitialized table element
out/test/spec/bulk-memory-operations/table_init.wast:1128: assert_trap passed: uninitialized table element
out/test/spec/bulk-memory-operations/table_init.wast:1129: assert_trap passed: uninitialized table element
out/test/spec/bulk-memory-operations/table_init.wast:1130: assert_trap passed: uninitialized table element
out/test/spec/bulk-memory-operations/table_init.wast:1131: assert_trap passed: uninitialized table element
out/test/spec/bulk-memory-operations/table_init.wast:1132: assert_trap passed: uninitialized table element
out/test/spec/bulk-memory-operations/table_init.wast:1133: assert_trap passed: uninitialized table element
out/test/spec/bulk-memory-operations/table_init.wast:1134: assert_trap passed: uninitialized table element
out/test/spec/bulk-memory-operations/table_init.wast:1135: assert_trap passed: uninitialized table element
out/test/spec/bulk-memory-operations/table_init.wast:1136: assert_trap passed: uninitialized table element
out/test/spec/bulk-memory-operations/table_init.wast:1137: assert_trap passed: uninitialized table element
out/test/spec/bulk-memory-operations/table_init.wast:1138: assert_trap passed: uninitialized table element
out/test/spec/bulk-memory-operations/table_init.wast:1139: assert_trap passed: uninitialized table element
out/test/spec/bulk-memory-operations/table_init.wast:1140: assert_trap passed: uninitialized table element
out/test/spec/bulk-memory-operations/table_init.wast:1141: assert_trap passed: uninitialized table element
out/test/spec/bulk-memory-operations/table_init.wast:1142: assert_trap passed: uninitialized table element
out/test/spec/bulk-memory-operations/table_init.wast:1143: assert_trap passed: uninitialized table element
out/test/spec/bulk-memory-operations/table_init.wast:1144: assert_trap passed: uninitialized table element
out/test/spec/bulk-memory-operations/table_init.wast:1145: assert_trap passed: uninitialized table element
out/test/spec/bulk-memory-operations/table_init.wast:1146: assert_trap passed: uninitialized table element
out/test/spec/bulk-memory-operations/table_init.wast:1147: assert_trap passed: uninitialized table element
out/test/spec/bulk-memory-operations/table_init.wast:1177: assert_trap passed: out of bounds table access: table.init out of bounds
out/test/spec/bulk-memory-operations/table_init.wast:1178: assert_trap passed: uninitialized table element
out/test/spec/bulk-memory-operations/table_init.wast:1179: assert_trap passed: uninitialized table element
out/test/spec/bulk-memory-operations/table_init.wast:1180: assert_trap passed: uninitialized table element
out/test/spec/bulk-memory-operations/table_init.wast:1181: assert_trap passed: uninitialized table element
out/test/spec/bulk-memory-operations/table_init.wast:1182: assert_trap passed: uninitialized table element
out/test/spec/bulk-memory-operations/table_init.wast:1183: assert_trap passed: uninitialized table element
out/test/spec/bulk-memory-operations/table_init.wast:1184: assert_trap passed: uninitialized table element
out/test/spec/bulk-memory-operations/table_init.wast:1185: assert_trap passed: uninitialized table element
out/test/spec/bulk-memory-operations/table_init.wast:1186: assert_trap passed: uninitialized table element
out/test/spec/bulk-memory-operations/table_init.wast:1187: assert_trap passed: uninitialized table element
out/test/spec/bulk-memory-operations/table_init.wast:1188: assert_trap passed: uninitialized table element
out/test/spec/bulk-memory-operations/table_init.wast:1189: assert_trap passed: uninitialized table element
out/test/spec/bulk-memory-operations/table_init.wast:1190: assert_trap passed: uninitialized table element
out/test/spec/bulk-memory-operations/table_init.wast:1191: assert_trap passed: uninitialized table element
out/test/spec/bulk-memory-operations/table_init.wast:1192: assert_trap passed: uninitialized table element
out/test/spec/bulk-memory-operations/table_init.wast:1193: assert_trap passed: uninitialized table element
out/test/spec/bulk-memory-operations/table_init.wast:1194: assert_trap passed: uninitialized table element
out/test/spec/bulk-memory-operations/table_init.wast:1195: assert_trap passed: uninitialized table element
out/test/spec/bulk-memory-operations/table_init.wast:1196: assert_trap passed: uninitialized table element
out/test/spec/bulk-memory-operations/table_init.wast:1197: assert_trap passed: uninitialized table element
out/test/spec/bulk-memory-operations/table_init.wast:1198: assert_trap passed: uninitialized table element
out/test/spec/bulk-memory-operations/table_init.wast:1199: assert_trap passed: uninitialized table element
out/test/spec/bulk-memory-operations/table_init.wast:1200: assert_trap passed: uninitialized table element
out/test/spec/bulk-memory-operations/table_init.wast:1201: assert_trap passed: uninitialized table element
out/test/spec/bulk-memory-operations/table_init.wast:1202: assert_trap passed: uninitialized table element
out/test/spec/bulk-memory-operations/table_init.wast:1203: assert_trap passed: uninitialized table element
out/test/spec/bulk-memory-operations/table_init.wast:1204: assert_trap passed: uninitialized table element
out/test/spec/bulk-memory-operations/table_init.wast:1205: assert_trap passed: uninitialized table element
out/test/spec/bulk-memory-operations/table_init.wast:1206: assert_trap passed: uninitialized table element
out/test/spec/bulk-memory-operations/table_init.wast:1207: assert_trap passed: uninitialized table element
out/test/spec/bulk-memory-operations/table_init.wast:1208: assert_trap passed: uninitialized table element
out/test/spec/bulk-memory-operations/table_init.wast:1209: assert_trap passed: uninitialized table element
out/test/spec/bulk-memory-operations/table_init.wast:1239: assert_trap passed: out of bounds table access: table.init out of bounds
out/test/spec/bulk-memory-operations/table_init.wast:1240: assert_trap passed: uninitialized table element
out/test/spec/bulk-memory-operations/table_init.wast:1241: assert_trap passed: uninitialized table element
out/test/spec/bulk-memory-operations/table_init.wast:1242: assert_trap passed: uninitialized table element
out/test/spec/bulk-memory-operations/table_init.wast:1243: assert_trap passed: uninitialized table element
out/test/spec/bulk-memory-operations/table_init.wast:1244: assert_trap passed: uninitialized table element
out/test/spec/bulk-memory-operations/table_init.wast:1245: assert_trap passed: uninitialized table element
out/test/spec/bulk-memory-operations/table_init.wast:1246: assert_trap passed: uninitialized table element
out/test/spec/bulk-memory-operations/table_init.wast:1247: assert_trap passed: uninitialized table element
out/test/spec/bulk-memory-operations/table_init.wast:1248: assert_trap passed: uninitialized table element
out/test/spec/bulk-memory-operations/table_init.wast:1249: assert_trap passed: uninitialized table element
out/test/spec/bulk-memory-operations/table_init.wast:1250: assert_trap passed: uninitialized table element
out/test/spec/bulk-memory-operations/table_init.wast:1251: assert_trap passed: uninitialized table element
out/test/spec/bulk-memory-operations/table_init.wast:1252: assert_trap passed: uninitialized table element
out/test/spec/bulk-memory-operations/table_init.wast:1253: assert_trap passed: uninitialized table element
out/test/spec/bulk-memory-operations/table_init.wast:1254: assert_trap passed: uninitialized table element
out/test/spec/bulk-memory-operations/table_init.wast:1255: assert_trap passed: uninitialized table element
out/test/spec/bulk-memory-operations/table_init.wast:1256: assert_trap passed: uninitialized table element
out/test/spec/bulk-memory-operations/table_init.wast:1257: assert_trap passed: uninitialized table element
out/test/spec/bulk-memory-operations/table_init.wast:1258: assert_trap passed: uninitialized table element
out/test/spec/bulk-memory-operations/table_init.wast:1259: assert_trap passed: uninitialized table element
out/test/spec/bulk-memory-operations/table_init.wast:1260: assert_trap passed: uninitialized table element
out/test/spec/bulk-memory-operations/table_init.wast:1261: assert_trap passed: uninitialized table element
out/test/spec/bulk-memory-operations/table_init.wast:1262: assert_trap passed: uninitialized table element
out/test/spec/bulk-memory-operations/table_init.wast:1263: assert_trap passed: uninitialized table element
out/test/spec/bulk-memory-operations/table_init.wast:1264: assert_trap passed: uninitialized table element
out/test/spec/bulk-memory-operations/table_init.wast:1265: assert_trap passed: uninitialized table element
out/test/spec/bulk-memory-operations/table_init.wast:1266: assert_trap passed: uninitialized table element
out/test/spec/bulk-memory-operations/table_init.wast:1267: assert_trap passed: uninitialized table element
out/test/spec/bulk-memory-operations/table_init.wast:1268: assert_trap passed: uninitialized table element
out/test/spec/bulk-memory-operations/table_init.wast:1269: assert_trap passed: uninitialized table element
out/test/spec/bulk-memory-operations/table_init.wast:1270: assert_trap passed: uninitialized table element
out/test/spec/bulk-memory-operations/table_init.wast:1271: assert_trap passed: uninitialized table element
out/test/spec/bulk-memory-operations/table_init.wast:1272: assert_trap passed: uninitialized table element
out/test/spec/bulk-memory-operations/table_init.wast:1273: assert_trap passed: uninitialized table element
out/test/spec/bulk-memory-operations/table_init.wast:1274: assert_trap passed: uninitialized table element
out/test/spec/bulk-memory-operations/table_init.wast:1275: assert_trap passed: uninitialized table element
out/test/spec/bulk-memory-operations/table_init.wast:1276: assert_trap passed: uninitialized table element
out/test/spec/bulk-memory-operations/table_init.wast:1277: assert_trap passed: uninitialized table element
out/test/spec/bulk-memory-operations/table_init.wast:1278: assert_trap passed: uninitialized table element
out/test/spec/bulk-memory-operations/table_init.wast:1279: assert_trap passed: uninitialized table element
out/test/spec/bulk-memory-operations/table_init.wast:1280: assert_trap passed: uninitialized table element
out/test/spec/bulk-memory-operations/table_init.wast:1281: assert_trap passed: uninitialized table element
out/test/spec/bulk-memory-operations/table_init.wast:1282: assert_trap passed: uninitialized table element
out/test/spec/bulk-memory-operations/table_init.wast:1283: assert_trap passed: uninitialized table element
out/test/spec/bulk-memory-operations/table_init.wast:1284: assert_trap passed: uninitialized table element
out/test/spec/bulk-memory-operations/table_init.wast:1285: assert_trap passed: uninitialized table element
out/test/spec/bulk-memory-operations/table_init.wast:1286: assert_trap passed: uninitialized table element
out/test/spec/bulk-memory-operations/table_init.wast:1287: assert_trap passed: uninitialized table element
out/test/spec/bulk-memory-operations/table_init.wast:1288: assert_trap passed: uninitialized table element
out/test/spec/bulk-memory-operations/table_init.wast:1289: assert_trap passed: uninitialized table element
out/test/spec/bulk-memory-operations/table_init.wast:1290: assert_trap passed: uninitialized table element
out/test/spec/bulk-memory-operations/table_init.wast:1291: assert_trap passed: uninitialized table element
out/test/spec/bulk-memory-operations/table_init.wast:1292: assert_trap passed: uninitialized table element
out/test/spec/bulk-memory-operations/table_init.wast:1293: assert_trap passed: uninitialized table element
out/test/spec/bulk-memory-operations/table_init.wast:1294: assert_trap passed: uninitialized table element
out/test/spec/bulk-memory-operations/table_init.wast:1295: assert_trap passed: uninitialized table element
out/test/spec/bulk-memory-operations/table_init.wast:1296: assert_trap passed: uninitialized table element
out/test/spec/bulk-memory-operations/table_init.wast:1297: assert_trap passed: uninitialized table element
out/test/spec/bulk-memory-operations/table_init.wast:1298: assert_trap passed: uninitialized table element
out/test/spec/bulk-memory-operations/table_init.wast:1299: assert_trap passed: uninitialized table element
out/test/spec/bulk-memory-operations/table_init.wast:1300: assert_trap passed: uninitialized table element
out/test/spec/bulk-memory-operations/table_init.wast:1301: assert_trap passed: uninitialized table element
out/test/spec/bulk-memory-operations/table_init.wast:1302: assert_trap passed: uninitialized table element
out/test/spec/bulk-memory-operations/table_init.wast:1303: assert_trap passed: uninitialized table element
out/test/spec/bulk-memory-operations/table_init.wast:1304: assert_trap passed: uninitialized table element
out/test/spec/bulk-memory-operations/table_init.wast:1305: assert_trap passed: uninitialized table element
out/test/spec/bulk-memory-operations/table_init.wast:1306: assert_trap passed: uninitialized table element
out/test/spec/bulk-memory-operations/table_init.wast:1307: assert_trap passed: uninitialized table element
out/test/spec/bulk-memory-operations/table_init.wast:1308: assert_trap passed: uninitialized table element
out/test/spec/bulk-memory-operations/table_init.wast:1309: assert_trap passed: uninitialized table element
out/test/spec/bulk-memory-operations/table_init.wast:1310: assert_trap passed: uninitialized table element
out/test/spec/bulk-memory-operations/table_init.wast:1311: assert_trap passed: uninitialized table element
out/test/spec/bulk-memory-operations/table_init.wast:1312: assert_trap passed: uninitialized table element
out/test/spec/bulk-memory-operations/table_init.wast:1313: assert_trap passed: uninitialized table element
out/test/spec/bulk-memory-operations/table_init.wast:1314: assert_trap passed: uninitialized table element
out/test/spec/bulk-memory-operations/table_init.wast:1315: assert_trap passed: uninitialized table element
out/test/spec/bulk-memory-operations/table_init.wast:1316: assert_trap passed: uninitialized table element
out/test/spec/bulk-memory-operations/table_init.wast:1317: assert_trap passed: uninitialized table element
out/test/spec/bulk-memory-operations/table_init.wast:1318: assert_trap passed: uninitialized table element
out/test/spec/bulk-memory-operations/table_init.wast:1319: assert_trap passed: uninitialized table element
out/test/spec/bulk-memory-operations/table_init.wast:1320: assert_trap passed: uninitialized table element
out/test/spec/bulk-memory-operations/table_init.wast:1321: assert_trap passed: uninitialized table element
out/test/spec/bulk-memory-operations/table_init.wast:1322: assert_trap passed: uninitialized table element
out/test/spec/bulk-memory-operations/table_init.wast:1323: assert_trap passed: uninitialized table element
out/test/spec/bulk-memory-operations/table_init.wast:1324: assert_trap passed: uninitialized table element
out/test/spec/bulk-memory-operations/table_init.wast:1325: assert_trap passed: uninitialized table element
out/test/spec/bulk-memory-operations/table_init.wast:1326: assert_trap passed: uninitialized table element
out/test/spec/bulk-memory-operations/table_init.wast:1327: assert_trap passed: uninitialized table element
out/test/spec/bulk-memory-operations/table_init.wast:1328: assert_trap passed: uninitialized table element
out/test/spec/bulk-memory-operations/table_init.wast:1329: assert_trap passed: uninitialized table element
out/test/spec/bulk-memory-operations/table_init.wast:1330: assert_trap passed: uninitialized table element
out/test/spec/bulk-memory-operations/table_init.wast:1331: assert_trap passed: uninitialized table element
out/test/spec/bulk-memory-operations/table_init.wast:1332: assert_trap passed: uninitialized table element
out/test/spec/bulk-memory-operations/table_init.wast:1333: assert_trap passed: uninitialized table element
out/test/spec/bulk-memory-operations/table_init.wast:1334: assert_trap passed: uninitialized table element
out/test/spec/bulk-memory-operations/table_init.wast:1335: assert_trap passed: uninitialized table element
out/test/spec/bulk-memory-operations/table_init.wast:1336: assert_trap passed: uninitialized table element
out/test/spec/bulk-memory-operations/table_init.wast:1337: assert_trap passed: uninitialized table element
out/test/spec/bulk-memory-operations/table_init.wast:1338: assert_trap passed: uninitialized table element
out/test/spec/bulk-memory-operations/table_init.wast:1339: assert_trap passed: uninitialized table element
out/test/spec/bulk-memory-operations/table_init.wast:1340: assert_trap passed: uninitialized table element
out/test/spec/bulk-memory-operations/table_init.wast:1341: assert_trap passed: uninitialized table element
out/test/spec/bulk-memory-operations/table_init.wast:1342: assert_trap passed: uninitialized table element
out/test/spec/bulk-memory-operations/table_init.wast:1343: assert_trap passed: uninitialized table element
out/test/spec/bulk-memory-operations/table_init.wast:1344: assert_trap passed: uninitialized table element
out/test/spec/bulk-memory-operations/table_init.wast:1345: assert_trap passed: uninitialized table element
out/test/spec/bulk-memory-operations/table_init.wast:1346: assert_trap passed: uninitialized table element
out/test/spec/bulk-memory-operations/table_init.wast:1347: assert_trap passed: uninitialized table element
out/test/spec/bulk-memory-operations/table_init.wast:1348: assert_trap passed: uninitialized table element
out/test/spec/bulk-memory-operations/table_init.wast:1349: assert_trap passed: uninitialized table element
out/test/spec/bulk-memory-operations/table_init.wast:1350: assert_trap passed: uninitialized table element
out/test/spec/bulk-memory-operations/table_init.wast:1351: assert_trap passed: uninitialized table element
out/test/spec/bulk-memory-operations/table_init.wast:1352: assert_trap passed: uninitialized table element
out/test/spec/bulk-memory-operations/table_init.wast:1353: assert_trap passed: uninitialized table element
out/test/spec/bulk-memory-operations/table_init.wast:1354: assert_trap passed: uninitialized table element
out/test/spec/bulk-memory-operations/table_init.wast:1355: assert_trap passed: uninitialized table element
out/test/spec/bulk-memory-operations/table_init.wast:1356: assert_trap passed: uninitialized table element
out/test/spec/bulk-memory-operations/table_init.wast:1357: assert_trap passed: uninitialized table element
out/test/spec/bulk-memory-operations/table_init.wast:1358: assert_trap passed: uninitialized table element
out/test/spec/bulk-memory-operations/table_init.wast:1359: assert_trap passed: uninitialized table element
out/test/spec/bulk-memory-operations/table_init.wast:1360: assert_trap passed: uninitialized table element
out/test/spec/bulk-memory-operations/table_init.wast:1361: assert_trap passed: uninitialized table element
out/test/spec/bulk-memory-operations/table_init.wast:1362: assert_trap passed: uninitialized table element
out/test/spec/bulk-memory-operations/table_init.wast:1363: assert_trap passed: uninitialized table element
out/test/spec/bulk-memory-operations/table_init.wast:1364: assert_trap passed: uninitialized table element
out/test/spec/bulk-memory-operations/table_init.wast:1365: assert_trap passed: uninitialized table element
out/test/spec/bulk-memory-operations/table_init.wast:1366: assert_trap passed: uninitialized table element
out/test/spec/bulk-memory-operations/table_init.wast:1367: assert_trap passed: uninitialized table element
out/test/spec/bulk-memory-operations/table_init.wast:1368: assert_trap passed: uninitialized table element
out/test/spec/bulk-memory-operations/table_init.wast:1369: assert_trap passed: uninitialized table element
out/test/spec/bulk-memory-operations/table_init.wast:1370: assert_trap passed: uninitialized table element
out/test/spec/bulk-memory-operations/table_init.wast:1371: assert_trap passed: uninitialized table element
out/test/spec/bulk-memory-operations/table_init.wast:1372: assert_trap passed: uninitialized table element
out/test/spec/bulk-memory-operations/table_init.wast:1373: assert_trap passed: uninitialized table element
out/test/spec/bulk-memory-operations/table_init.wast:1374: assert_trap passed: uninitialized table element
out/test/spec/bulk-memory-operations/table_init.wast:1375: assert_trap passed: uninitialized table element
out/test/spec/bulk-memory-operations/table_init.wast:1376: assert_trap passed: uninitialized table element
out/test/spec/bulk-memory-operations/table_init.wast:1377: assert_trap passed: uninitialized table element
out/test/spec/bulk-memory-operations/table_init.wast:1378: assert_trap passed: uninitialized table element
out/test/spec/bulk-memory-operations/table_init.wast:1379: assert_trap passed: uninitialized table element
out/test/spec/bulk-memory-operations/table_init.wast:1380: assert_trap passed: uninitialized table element
out/test/spec/bulk-memory-operations/table_init.wast:1381: assert_trap passed: uninitialized table element
out/test/spec/bulk-memory-operations/table_init.wast:1382: assert_trap passed: uninitialized table element
out/test/spec/bulk-memory-operations/table_init.wast:1383: assert_trap passed: uninitialized table element
out/test/spec/bulk-memory-operations/table_init.wast:1384: assert_trap passed: uninitialized table element
out/test/spec/bulk-memory-operations/table_init.wast:1385: assert_trap passed: uninitialized table element
out/test/spec/bulk-memory-operations/table_init.wast:1386: assert_trap passed: uninitialized table element
out/test/spec/bulk-memory-operations/table_init.wast:1387: assert_trap passed: uninitialized table element
out/test/spec/bulk-memory-operations/table_init.wast:1388: assert_trap passed: uninitialized table element
out/test/spec/bulk-memory-operations/table_init.wast:1389: assert_trap passed: uninitialized table element
out/test/spec/bulk-memory-operations/table_init.wast:1390: assert_trap passed: uninitialized table element
out/test/spec/bulk-memory-operations/table_init.wast:1391: assert_trap passed: uninitialized table element
out/test/spec/bulk-memory-operations/table_init.wast:1392: assert_trap passed: uninitialized table element
out/test/spec/bulk-memory-operations/table_init.wast:1393: assert_trap passed: uninitialized table element
out/test/spec/bulk-memory-operations/table_init.wast:1394: assert_trap passed: uninitialized table element
out/test/spec/bulk-memory-operations/table_init.wast:1395: assert_trap passed: uninitialized table element
out/test/spec/bulk-memory-operations/table_init.wast:1396: assert_trap passed: uninitialized table element
out/test/spec/bulk-memory-operations/table_init.wast:1397: assert_trap passed: uninitialized table element
out/test/spec/bulk-memory-operations/table_init.wast:1398: assert_trap passed: uninitialized table element
out/test/spec/bulk-memory-operations/table_init.wast:1399: assert_trap passed: uninitialized table element
out/test/spec/bulk-memory-operations/table_init.wast:1429: assert_trap passed: out of bounds table access: table.init out of bounds
out/test/spec/bulk-memory-operations/table_init.wast:1430: assert_trap passed: uninitialized table element
out/test/spec/bulk-memory-operations/table_init.wast:1431: assert_trap passed: uninitialized table element
out/test/spec/bulk-memory-operations/table_init.wast:1432: assert_trap passed: uninitialized table element
out/test/spec/bulk-memory-operations/table_init.wast:1433: assert_trap passed: uninitialized table element
out/test/spec/bulk-memory-operations/table_init.wast:1434: assert_trap passed: uninitialized table element
out/test/spec/bulk-memory-operations/table_init.wast:1435: assert_trap passed: uninitialized table element
out/test/spec/bulk-memory-operations/table_init.wast:1436: assert_trap passed: uninitialized table element
out/test/spec/bulk-memory-operations/table_init.wast:1437: assert_trap passed: uninitialized table element
out/test/spec/bulk-memory-operations/table_init.wast:1438: assert_trap passed: uninitialized table element
out/test/spec/bulk-memory-operations/table_init.wast:1439: assert_trap passed: uninitialized table element
out/test/spec/bulk-memory-operations/table_init.wast:1440: assert_trap passed: uninitialized table element
out/test/spec/bulk-memory-operations/table_init.wast:1441: assert_trap passed: uninitialized table element
out/test/spec/bulk-memory-operations/table_init.wast:1442: assert_trap passed: uninitialized table element
out/test/spec/bulk-memory-operations/table_init.wast:1443: assert_trap passed: uninitialized table element
out/test/spec/bulk-memory-operations/table_init.wast:1444: assert_trap passed: uninitialized table element
out/test/spec/bulk-memory-operations/table_init.wast:1445: assert_trap passed: uninitialized table element
out/test/spec/bulk-memory-operations/table_init.wast:1446: assert_trap passed: uninitialized table element
out/test/spec/bulk-memory-operations/table_init.wast:1447: assert_trap passed: uninitialized table element
out/test/spec/bulk-memory-operations/table_init.wast:1448: assert_trap passed: uninitialized table element
out/test/spec/bulk-memory-operations/table_init.wast:1449: assert_trap passed: uninitialized table element
out/test/spec/bulk-memory-operations/table_init.wast:1450: assert_trap passed: uninitialized table element
out/test/spec/bulk-memory-operations/table_init.wast:1451: assert_trap passed: uninitialized table element
out/test/spec/bulk-memory-operations/table_init.wast:1452: assert_trap passed: uninitialized table element
out/test/spec/bulk-memory-operations/table_init.wast:1453: assert_trap passed: uninitialized table element
out/test/spec/bulk-memory-operations/table_init.wast:1454: assert_trap passed: uninitialized table element
out/test/spec/bulk-memory-operations/table_init.wast:1455: assert_trap passed: uninitialized table element
out/test/spec/bulk-memory-operations/table_init.wast:1456: assert_trap passed: uninitialized table element
out/test/spec/bulk-memory-operations/table_init.wast:1457: assert_trap passed: uninitialized table element
out/test/spec/bulk-memory-operations/table_init.wast:1458: assert_trap passed: uninitialized table element
out/test/spec/bulk-memory-operations/table_init.wast:1459: assert_trap passed: uninitialized table element
out/test/spec/bulk-memory-operations/table_init.wast:1460: assert_trap passed: uninitialized table element
out/test/spec/bulk-memory-operations/table_init.wast:1461: assert_trap passed: uninitialized table element
out/test/spec/bulk-memory-operations/table_init.wast:1462: assert_trap passed: uninitialized table element
out/test/spec/bulk-memory-operations/table_init.wast:1463: assert_trap passed: uninitialized table element
out/test/spec/bulk-memory-operations/table_init.wast:1464: assert_trap passed: uninitialized table element
out/test/spec/bulk-memory-operations/table_init.wast:1465: assert_trap passed: uninitialized table element
out/test/spec/bulk-memory-operations/table_init.wast:1466: assert_trap passed: uninitialized table element
out/test/spec/bulk-memory-operations/table_init.wast:1467: assert_trap passed: uninitialized table element
out/test/spec/bulk-memory-operations/table_init.wast:1468: assert_trap passed: uninitialized table element
out/test/spec/bulk-memory-operations/table_init.wast:1469: assert_trap passed: uninitialized table element
out/test/spec/bulk-memory-operations/table_init.wast:1470: assert_trap passed: uninitialized table element
out/test/spec/bulk-memory-operations/table_init.wast:1471: assert_trap passed: uninitialized table element
out/test/spec/bulk-memory-operations/table_init.wast:1472: assert_trap passed: uninitialized table element
out/test/spec/bulk-memory-operations/table_init.wast:1473: assert_trap passed: uninitialized table element
out/test/spec/bulk-memory-operations/table_init.wast:1474: assert_trap passed: uninitialized table element
out/test/spec/bulk-memory-operations/table_init.wast:1475: assert_trap passed: uninitialized table element
out/test/spec/bulk-memory-operations/table_init.wast:1476: assert_trap passed: uninitialized table element
out/test/spec/bulk-memory-operations/table_init.wast:1477: assert_trap passed: uninitialized table element
out/test/spec/bulk-memory-operations/table_init.wast:1478: assert_trap passed: uninitialized table element
out/test/spec/bulk-memory-operations/table_init.wast:1479: assert_trap passed: uninitialized table element
out/test/spec/bulk-memory-operations/table_init.wast:1480: assert_trap passed: uninitialized table element
out/test/spec/bulk-memory-operations/table_init.wast:1481: assert_trap passed: uninitialized table element
out/test/spec/bulk-memory-operations/table_init.wast:1482: assert_trap passed: uninitialized table element
out/test/spec/bulk-memory-operations/table_init.wast:1483: assert_trap passed: uninitialized table element
out/test/spec/bulk-memory-operations/table_init.wast:1484: assert_trap passed: uninitialized table element
out/test/spec/bulk-memory-operations/table_init.wast:1485: assert_trap passed: uninitialized table element
out/test/spec/bulk-memory-operations/table_init.wast:1486: assert_trap passed: uninitialized table element
out/test/spec/bulk-memory-operations/table_init.wast:1487: assert_trap passed: uninitialized table element
out/test/spec/bulk-memory-operations/table_init.wast:1488: assert_trap passed: uninitialized table element
out/test/spec/bulk-memory-operations/table_init.wast:1489: assert_trap passed: uninitialized table element
out/test/spec/bulk-memory-operations/table_init.wast:1490: assert_trap passed: uninitialized table element
out/test/spec/bulk-memory-operations/table_init.wast:1491: assert_trap passed: uninitialized table element
out/test/spec/bulk-memory-operations/table_init.wast:1492: assert_trap passed: uninitialized table element
out/test/spec/bulk-memory-operations/table_init.wast:1493: assert_trap passed: uninitialized table element
out/test/spec/bulk-memory-operations/table_init.wast:1494: assert_trap passed: uninitialized table element
out/test/spec/bulk-memory-operations/table_init.wast:1495: assert_trap passed: uninitialized table element
out/test/spec/bulk-memory-operations/table_init.wast:1496: assert_trap passed: uninitialized table element
out/test/spec/bulk-memory-operations/table_init.wast:1497: assert_trap passed: uninitialized table element
out/test/spec/bulk-memory-operations/table_init.wast:1498: assert_trap passed: uninitialized table element
out/test/spec/bulk-memory-operations/table_init.wast:1499: assert_trap passed: uninitialized table element
out/test/spec/bulk-memory-operations/table_init.wast:1500: assert_trap passed: uninitialized table element
out/test/spec/bulk-memory-operations/table_init.wast:1501: assert_trap passed: uninitialized table element
out/test/spec/bulk-memory-operations/table_init.wast:1502: assert_trap passed: uninitialized table element
out/test/spec/bulk-memory-operations/table_init.wast:1503: assert_trap passed: uninitialized table element
out/test/spec/bulk-memory-operations/table_init.wast:1504: assert_trap passed: uninitialized table element
out/test/spec/bulk-memory-operations/table_init.wast:1505: assert_trap passed: uninitialized table element
out/test/spec/bulk-memory-operations/table_init.wast:1506: assert_trap passed: uninitialized table element
out/test/spec/bulk-memory-operations/table_init.wast:1507: assert_trap passed: uninitialized table element
out/test/spec/bulk-memory-operations/table_init.wast:1508: assert_trap passed: uninitialized table element
out/test/spec/bulk-memory-operations/table_init.wast:1509: assert_trap passed: uninitialized table element
out/test/spec/bulk-memory-operations/table_init.wast:1510: assert_trap passed: uninitialized table element
out/test/spec/bulk-memory-operations/table_init.wast:1511: assert_trap passed: uninitialized table element
out/test/spec/bulk-memory-operations/table_init.wast:1512: assert_trap passed: uninitialized table element
out/test/spec/bulk-memory-operations/table_init.wast:1513: assert_trap passed: uninitialized table element
out/test/spec/bulk-memory-operations/table_init.wast:1514: assert_trap passed: uninitialized table element
out/test/spec/bulk-memory-operations/table_init.wast:1515: assert_trap passed: uninitialized table element
out/test/spec/bulk-memory-operations/table_init.wast:1516: assert_trap passed: uninitialized table element
out/test/spec/bulk-memory-operations/table_init.wast:1517: assert_trap passed: uninitialized table element
out/test/spec/bulk-memory-operations/table_init.wast:1518: assert_trap passed: uninitialized table element
out/test/spec/bulk-memory-operations/table_init.wast:1519: assert_trap passed: uninitialized table element
out/test/spec/bulk-memory-operations/table_init.wast:1520: assert_trap passed: uninitialized table element
out/test/spec/bulk-memory-operations/table_init.wast:1521: assert_trap passed: uninitialized table element
out/test/spec/bulk-memory-operations/table_init.wast:1522: assert_trap passed: uninitialized table element
out/test/spec/bulk-memory-operations/table_init.wast:1523: assert_trap passed: uninitialized table element
out/test/spec/bulk-memory-operations/table_init.wast:1524: assert_trap passed: uninitialized table element
out/test/spec/bulk-memory-operations/table_init.wast:1525: assert_trap passed: uninitialized table element
out/test/spec/bulk-memory-operations/table_init.wast:1526: assert_trap passed: uninitialized table element
out/test/spec/bulk-memory-operations/table_init.wast:1527: assert_trap passed: uninitialized table element
out/test/spec/bulk-memory-operations/table_init.wast:1528: assert_trap passed: uninitialized table element
out/test/spec/bulk-memory-operations/table_init.wast:1529: assert_trap passed: uninitialized table element
out/test/spec/bulk-memory-operations/table_init.wast:1530: assert_trap passed: uninitialized table element
out/test/spec/bulk-memory-operations/table_init.wast:1531: assert_trap passed: uninitialized table element
out/test/spec/bulk-memory-operations/table_init.wast:1532: assert_trap passed: uninitialized table element
out/test/spec/bulk-memory-operations/table_init.wast:1533: assert_trap passed: uninitialized table element
out/test/spec/bulk-memory-operations/table_init.wast:1534: assert_trap passed: uninitialized table element
out/test/spec/bulk-memory-operations/table_init.wast:1535: assert_trap passed: uninitialized table element
out/test/spec/bulk-memory-operations/table_init.wast:1536: assert_trap passed: uninitialized table element
out/test/spec/bulk-memory-operations/table_init.wast:1537: assert_trap passed: uninitialized table element
out/test/spec/bulk-memory-operations/table_init.wast:1538: assert_trap passed: uninitialized table element
out/test/spec/bulk-memory-operations/table_init.wast:1539: assert_trap passed: uninitialized table element
out/test/spec/bulk-memory-operations/table_init.wast:1540: assert_trap passed: uninitialized table element
out/test/spec/bulk-memory-operations/table_init.wast:1541: assert_trap passed: uninitialized table element
out/test/spec/bulk-memory-operations/table_init.wast:1542: assert_trap passed: uninitialized table element
out/test/spec/bulk-memory-operations/table_init.wast:1543: assert_trap passed: uninitialized table element
out/test/spec/bulk-memory-operations/table_init.wast:1544: assert_trap passed: uninitialized table element
out/test/spec/bulk-memory-operations/table_init.wast:1545: assert_trap passed: uninitialized table element
out/test/spec/bulk-memory-operations/table_init.wast:1546: assert_trap passed: uninitialized table element
out/test/spec/bulk-memory-operations/table_init.wast:1547: assert_trap passed: uninitialized table element
out/test/spec/bulk-memory-operations/table_init.wast:1548: assert_trap passed: uninitialized table element
out/test/spec/bulk-memory-operations/table_init.wast:1549: assert_trap passed: uninitialized table element
out/test/spec/bulk-memory-operations/table_init.wast:1550: assert_trap passed: uninitialized table element
out/test/spec/bulk-memory-operations/table_init.wast:1551: assert_trap passed: uninitialized table element
out/test/spec/bulk-memory-operations/table_init.wast:1552: assert_trap passed: uninitialized table element
out/test/spec/bulk-memory-operations/table_init.wast:1553: assert_trap passed: uninitialized table element
out/test/spec/bulk-memory-operations/table_init.wast:1554: assert_trap passed: uninitialized table element
out/test/spec/bulk-memory-operations/table_init.wast:1555: assert_trap passed: uninitialized table element
out/test/spec/bulk-memory-operations/table_init.wast:1556: assert_trap passed: uninitialized table element
out/test/spec/bulk-memory-operations/table_init.wast:1557: assert_trap passed: uninitialized table element
out/test/spec/bulk-memory-operations/table_init.wast:1558: assert_trap passed: uninitialized table element
out/test/spec/bulk-memory-operations/table_init.wast:1559: assert_trap passed: uninitialized table element
out/test/spec/bulk-memory-operations/table_init.wast:1560: assert_trap passed: uninitialized table element
out/test/spec/bulk-memory-operations/table_init.wast:1561: assert_trap passed: uninitialized table element
out/test/spec/bulk-memory-operations/table_init.wast:1562: assert_trap passed: uninitialized table element
out/test/spec/bulk-memory-operations/table_init.wast:1563: assert_trap passed: uninitialized table element
out/test/spec/bulk-memory-operations/table_init.wast:1564: assert_trap passed: uninitialized table element
out/test/spec/bulk-memory-operations/table_init.wast:1565: assert_trap passed: uninitialized table element
out/test/spec/bulk-memory-operations/table_init.wast:1566: assert_trap passed: uninitialized table element
out/test/spec/bulk-memory-operations/table_init.wast:1567: assert_trap passed: uninitialized table element
out/test/spec/bulk-memory-operations/table_init.wast:1568: assert_trap passed: uninitialized table element
out/test/spec/bulk-memory-operations/table_init.wast:1569: assert_trap passed: uninitialized table element
out/test/spec/bulk-memory-operations/table_init.wast:1570: assert_trap passed: uninitialized table element
out/test/spec/bulk-memory-operations/table_init.wast:1571: assert_trap passed: uninitialized table element
out/test/spec/bulk-memory-operations/table_init.wast:1572: assert_trap passed: uninitialized table element
out/test/spec/bulk-memory-operations/table_init.wast:1573: assert_trap passed: uninitialized table element
out/test/spec/bulk-memory-operations/table_init.wast:1574: assert_trap passed: uninitialized table element
out/test/spec/bulk-memory-operations/table_init.wast:1575: assert_trap passed: uninitialized table element
out/test/spec/bulk-memory-operations/table_init.wast:1576: assert_trap passed: uninitialized table element
out/test/spec/bulk-memory-operations/table_init.wast:1577: assert_trap passed: uninitialized table element
out/test/spec/bulk-memory-operations/table_init.wast:1578: assert_trap passed: uninitialized table element
out/test/spec/bulk-memory-operations/table_init.wast:1579: assert_trap passed: uninitialized table element
out/test/spec/bulk-memory-operations/table_init.wast:1580: assert_trap passed: uninitialized table element
out/test/spec/bulk-memory-operations/table_init.wast:1581: assert_trap passed: uninitialized table element
out/test/spec/bulk-memory-operations/table_init.wast:1582: assert_trap passed: uninitialized table element
out/test/spec/bulk-memory-operations/table_init.wast:1583: assert_trap passed: uninitialized table element
out/test/spec/bulk-memory-operations/table_init.wast:1584: assert_trap passed: uninitialized table element
out/test/spec/bulk-memory-operations/table_init.wast:1585: assert_trap passed: uninitialized table element
out/test/spec/bulk-memory-operations/table_init.wast:1586: assert_trap passed: uninitialized table element
out/test/spec/bulk-memory-operations/table_init.wast:1587: assert_trap passed: uninitialized table element
out/test/spec/bulk-memory-operations/table_init.wast:1588: assert_trap passed: uninitialized table element
out/test/spec/bulk-memory-operations/table_init.wast:1589: assert_trap passed: uninitialized table element
out/test/spec/bulk-memory-operations/table_init.wast:1619: assert_trap passed: out of bounds table access: table.init out of bounds
out/test/spec/bulk-memory-operations/table_init.wast:1620: assert_trap passed: uninitialized table element
out/test/spec/bulk-memory-operations/table_init.wast:1621: assert_trap passed: uninitialized table element
out/test/spec/bulk-memory-operations/table_init.wast:1622: assert_trap passed: uninitialized table element
out/test/spec/bulk-memory-operations/table_init.wast:1623: assert_trap passed: uninitialized table element
out/test/spec/bulk-memory-operations/table_init.wast:1624: assert_trap passed: uninitialized table element
out/test/spec/bulk-memory-operations/table_init.wast:1625: assert_trap passed: uninitialized table element
out/test/spec/bulk-memory-operations/table_init.wast:1626: assert_trap passed: uninitialized table element
out/test/spec/bulk-memory-operations/table_init.wast:1627: assert_trap passed: uninitialized table element
out/test/spec/bulk-memory-operations/table_init.wast:1628: assert_trap passed: uninitialized table element
out/test/spec/bulk-memory-operations/table_init.wast:1629: assert_trap passed: uninitialized table element
out/test/spec/bulk-memory-operations/table_init.wast:1630: assert_trap passed: uninitialized table element
out/test/spec/bulk-memory-operations/table_init.wast:1631: assert_trap passed: uninitialized table element
out/test/spec/bulk-memory-operations/table_init.wast:1632: assert_trap passed: uninitialized table element
out/test/spec/bulk-memory-operations/table_init.wast:1633: assert_trap passed: uninitialized table element
out/test/spec/bulk-memory-operations/table_init.wast:1634: assert_trap passed: uninitialized table element
out/test/spec/bulk-memory-operations/table_init.wast:1635: assert_trap passed: uninitialized table element
out/test/spec/bulk-memory-operations/table_init.wast:1636: assert_trap passed: uninitialized table element
out/test/spec/bulk-memory-operations/table_init.wast:1637: assert_trap passed: uninitialized table element
out/test/spec/bulk-memory-operations/table_init.wast:1638: assert_trap passed: uninitialized table element
out/test/spec/bulk-memory-operations/table_init.wast:1639: assert_trap passed: uninitialized table element
out/test/spec/bulk-memory-operations/table_init.wast:1640: assert_trap passed: uninitialized table element
out/test/spec/bulk-memory-operations/table_init.wast:1641: assert_trap passed: uninitialized table element
out/test/spec/bulk-memory-operations/table_init.wast:1642: assert_trap passed: uninitialized table element
out/test/spec/bulk-memory-operations/table_init.wast:1643: assert_trap passed: uninitialized table element
out/test/spec/bulk-memory-operations/table_init.wast:1644: assert_trap passed: uninitialized table element
out/test/spec/bulk-memory-operations/table_init.wast:1645: assert_trap passed: uninitialized table element
out/test/spec/bulk-memory-operations/table_init.wast:1646: assert_trap passed: uninitialized table element
out/test/spec/bulk-memory-operations/table_init.wast:1647: assert_trap passed: uninitialized table element
out/test/spec/bulk-memory-operations/table_init.wast:1648: assert_trap passed: uninitialized table element
out/test/spec/bulk-memory-operations/table_init.wast:1649: assert_trap passed: uninitialized table element
out/test/spec/bulk-memory-operations/table_init.wast:1650: assert_trap passed: uninitialized table element
out/test/spec/bulk-memory-operations/table_init.wast:1651: assert_trap passed: uninitialized table element
out/test/spec/bulk-memory-operations/table_init.wast:1652: assert_trap passed: uninitialized table element
out/test/spec/bulk-memory-operations/table_init.wast:1653: assert_trap passed: uninitialized table element
out/test/spec/bulk-memory-operations/table_init.wast:1654: assert_trap passed: uninitialized table element
out/test/spec/bulk-memory-operations/table_init.wast:1655: assert_trap passed: uninitialized table element
out/test/spec/bulk-memory-operations/table_init.wast:1656: assert_trap passed: uninitialized table element
out/test/spec/bulk-memory-operations/table_init.wast:1657: assert_trap passed: uninitialized table element
out/test/spec/bulk-memory-operations/table_init.wast:1658: assert_trap passed: uninitialized table element
out/test/spec/bulk-memory-operations/table_init.wast:1659: assert_trap passed: uninitialized table element
out/test/spec/bulk-memory-operations/table_init.wast:1660: assert_trap passed: uninitialized table element
out/test/spec/bulk-memory-operations/table_init.wast:1661: assert_trap passed: uninitialized table element
out/test/spec/bulk-memory-operations/table_init.wast:1662: assert_trap passed: uninitialized table element
out/test/spec/bulk-memory-operations/table_init.wast:1663: assert_trap passed: uninitialized table element
out/test/spec/bulk-memory-operations/table_init.wast:1664: assert_trap passed: uninitialized table element
out/test/spec/bulk-memory-operations/table_init.wast:1665: assert_trap passed: uninitialized table element
out/test/spec/bulk-memory-operations/table_init.wast:1666: assert_trap passed: uninitialized table element
out/test/spec/bulk-memory-operations/table_init.wast:1667: assert_trap passed: uninitialized table element
out/test/spec/bulk-memory-operations/table_init.wast:1668: assert_trap passed: uninitialized table element
out/test/spec/bulk-memory-operations/table_init.wast:1669: assert_trap passed: uninitialized table element
out/test/spec/bulk-memory-operations/table_init.wast:1670: assert_trap passed: uninitialized table element
out/test/spec/bulk-memory-operations/table_init.wast:1671: assert_trap passed: uninitialized table element
out/test/spec/bulk-memory-operations/table_init.wast:1672: assert_trap passed: uninitialized table element
out/test/spec/bulk-memory-operations/table_init.wast:1673: assert_trap passed: uninitialized table element
out/test/spec/bulk-memory-operations/table_init.wast:1674: assert_trap passed: uninitialized table element
out/test/spec/bulk-memory-operations/table_init.wast:1675: assert_trap passed: uninitialized table element
out/test/spec/bulk-memory-operations/table_init.wast:1676: assert_trap passed: uninitialized table element
out/test/spec/bulk-memory-operations/table_init.wast:1677: assert_trap passed: uninitialized table element
out/test/spec/bulk-memory-operations/table_init.wast:1678: assert_trap passed: uninitialized table element
out/test/spec/bulk-memory-operations/table_init.wast:1679: assert_trap passed: uninitialized table element
out/test/spec/bulk-memory-operations/table_init.wast:1680: assert_trap passed: uninitialized table element
out/test/spec/bulk-memory-operations/table_init.wast:1681: assert_trap passed: uninitialized table element
out/test/spec/bulk-memory-operations/table_init.wast:1682: assert_trap passed: uninitialized table element
out/test/spec/bulk-memory-operations/table_init.wast:1683: assert_trap passed: uninitialized table element
out/test/spec/bulk-memory-operations/table_init.wast:1713: assert_trap passed: out of bounds table access: table.init out of bounds
out/test/spec/bulk-memory-operations/table_init.wast:1714: assert_trap passed: uninitialized table element
out/test/spec/bulk-memory-operations/table_init.wast:1715: assert_trap passed: uninitialized table element
out/test/spec/bulk-memory-operations/table_init.wast:1716: assert_trap passed: uninitialized table element
out/test/spec/bulk-memory-operations/table_init.wast:1717: assert_trap passed: uninitialized table element
out/test/spec/bulk-memory-operations/table_init.wast:1718: assert_trap passed: uninitialized table element
out/test/spec/bulk-memory-operations/table_init.wast:1719: assert_trap passed: uninitialized table element
out/test/spec/bulk-memory-operations/table_init.wast:1720: assert_trap passed: uninitialized table element
out/test/spec/bulk-memory-operations/table_init.wast:1721: assert_trap passed: uninitialized table element
out/test/spec/bulk-memory-operations/table_init.wast:1722: assert_trap passed: uninitialized table element
out/test/spec/bulk-memory-operations/table_init.wast:1723: assert_trap passed: uninitialized table element
out/test/spec/bulk-memory-operations/table_init.wast:1724: assert_trap passed: uninitialized table element
out/test/spec/bulk-memory-operations/table_init.wast:1725: assert_trap passed: uninitialized table element
out/test/spec/bulk-memory-operations/table_init.wast:1726: assert_trap passed: uninitialized table element
out/test/spec/bulk-memory-operations/table_init.wast:1727: assert_trap passed: uninitialized table element
out/test/spec/bulk-memory-operations/table_init.wast:1728: assert_trap passed: uninitialized table element
out/test/spec/bulk-memory-operations/table_init.wast:1729: assert_trap passed: uninitialized table element
643/643 tests passed.
;;; STDOUT ;;)
