;;; TOOL: run-interp-spec
;;; STDIN_FILE: third_party/testsuite/proposals/extended-const/elem.wast
;;; ARGS*: --enable-extended-const
(;; STDOUT ;;;
out/test/spec/extended-const/elem.wast:321: assert_trap passed: out of bounds table access: table.init out of bounds
out/test/spec/extended-const/elem.wast:331: assert_trap passed: out of bounds table access: table.init out of bounds
out/test/spec/extended-const/elem.wast:336: assert_invalid passed:
  0000000: error: table variable out of range: 0 (max 0)
  0000016: error: BeginElemSegment callback failed
out/test/spec/extended-const/elem.wast:346: assert_invalid passed:
  out/test/spec/extended-const/elem/elem.34.wasm:0000014: error: type mismatch in initializer expression, expected [i32] but got [i64]
  0000015: error: EndElemSegmentInitExpr callback failed
out/test/spec/extended-const/elem.wast:354: assert_invalid passed:
  out/test/spec/extended-const/elem/elem.35.wasm:0000014: error: type mismatch in initializer expression, expected [i32] but got [funcref]
  0000015: error: EndElemSegmentInitExpr callback failed
out/test/spec/extended-const/elem.wast:362: assert_invalid passed:
  out/test/spec/extended-const/elem/elem.36.wasm:0000012: error: type mismatch in initializer expression, expected [i32] but got []
  0000013: error: EndElemSegmentInitExpr callback failed
out/test/spec/extended-const/elem.wast:370: assert_invalid passed:
  out/test/spec/extended-const/elem/elem.37.wasm:0000016: error: type mismatch at end of initializer expression, expected [] but got [i32]
  0000017: error: EndElemSegmentInitExpr callback failed
out/test/spec/extended-const/elem.wast:378: assert_invalid passed:
  out/test/spec/extended-const/elem/elem.38.wasm:000002c: error: type mismatch at end of initializer expression, expected [] but got [i32]
  000002d: error: EndElemSegmentInitExpr callback failed
out/test/spec/extended-const/elem.wast:387: assert_invalid passed:
  out/test/spec/extended-const/elem/elem.39.wasm:000002c: error: type mismatch at end of initializer expression, expected [] but got [i32]
  000002d: error: EndElemSegmentInitExpr callback failed
out/test/spec/extended-const/elem.wast:397: assert_invalid passed:
  out/test/spec/extended-const/elem/elem.40.wasm:0000015: error: invalid initializer: instruction not valid in initializer expression: i32.ctz
  0000015: error: OnUnaryExpr callback failed
out/test/spec/extended-const/elem.wast:405: assert_invalid passed:
  out/test/spec/extended-const/elem/elem.41.wasm:0000013: error: invalid initializer: instruction not valid in initializer expression: nop
  0000013: error: OnNopExpr callback failed
out/test/spec/extended-const/elem.wast:413: assert_invalid passed:
  out/test/spec/extended-const/elem/elem.42.wasm:0000013: error: invalid initializer: instruction not valid in initializer expression: nop
  0000013: error: OnNopExpr callback failed
out/test/spec/extended-const/elem.wast:421: assert_invalid passed:
  out/test/spec/extended-const/elem/elem.43.wasm:0000015: error: invalid initializer: instruction not valid in initializer expression: nop
  0000015: error: OnNopExpr callback failed
out/test/spec/extended-const/elem.wast:435: assert_invalid passed:
  0000000: error: global variable out of range: 0 (max 0)
  0000014: error: OnGlobalGetExpr callback failed
out/test/spec/extended-const/elem.wast:443: assert_invalid passed:
  0000000: error: global variable out of range: 1 (max 1)
  000002a: error: OnGlobalGetExpr callback failed
out/test/spec/extended-const/elem.wast:452: assert_invalid passed:
  out/test/spec/extended-const/elem/elem.46.wasm:000002e: error: initializer expression cannot reference a mutable global
  000002e: error: OnGlobalGetExpr callback failed
out/test/spec/extended-const/elem.wast:463: assert_invalid passed:
  out/test/spec/extended-const/elem/elem.47.wasm:0000018: error: type mismatch at elem expression. got externref, expected funcref
  0000018: error: OnElemSegmentElemExpr_RefNull callback failed
out/test/spec/extended-const/elem.wast:471: assert_invalid passed:
  0000019: error: expected END opcode after element expression
out/test/spec/extended-const/elem.wast:479: assert_invalid passed:
  0000017: error: expected ref.null or ref.func in passive element segment
  0000018: error: expected END opcode after element expression
out/test/spec/extended-const/elem.wast:487: assert_invalid passed:
  0000017: error: expected ref.null or ref.func in passive element segment
  0000018: error: expected END opcode after element expression
out/test/spec/extended-const/elem.wast:495: assert_invalid passed:
  0000022: error: expected ref.null or ref.func in passive element segment
  0000023: error: expected END opcode after element expression
out/test/spec/extended-const/elem.wast:504: assert_invalid passed:
  0000022: error: expected ref.null or ref.func in passive element segment
  0000023: error: expected END opcode after element expression
out/test/spec/extended-const/elem.wast:562: assert_trap passed: uninitialized table element
73/73 tests passed.
;;; STDOUT ;;)
