;;; TOOL: run-interp-spec
;;; STDIN_FILE: third_party/testsuite/data.wast
(;; STDOUT ;;;
out/test/spec/data.wast:293: assert_invalid passed:
  out/test/spec/data/data.39.wasm:000000c: error: memory variable out of range: 0 (max 0)
  000000c: error: BeginDataSegment callback failed
out/test/spec/data.wast:301: assert_invalid passed:
  out/test/spec/data/data.40.wasm:0000012: error: memory variable out of range: 1 (max 1)
  0000012: error: BeginDataSegment callback failed
out/test/spec/data.wast:314: assert_invalid passed:
  out/test/spec/data/data.41.wasm:000000c: error: memory variable out of range: 0 (max 0)
  000000c: error: BeginDataSegment callback failed
out/test/spec/data.wast:325: assert_invalid passed:
  out/test/spec/data/data.42.wasm:000000d: error: memory variable out of range: 1 (max 0)
  000000d: error: BeginDataSegment callback failed
out/test/spec/data.wast:337: assert_invalid passed:
  out/test/spec/data/data.43.wasm:0000012: error: memory variable out of range: 1 (max 1)
  0000012: error: BeginDataSegment callback failed
out/test/spec/data.wast:359: assert_invalid passed:
  out/test/spec/data/data.44.wasm:000000d: error: memory variable out of range: 1 (max 0)
  000000d: error: BeginDataSegment callback failed
out/test/spec/data.wast:378: assert_invalid passed:
  out/test/spec/data/data.45.wasm:0000013: error: type mismatch in initializer expression, expected [i32] but got [i64]
  0000014: error: EndDataSegmentInitExpr callback failed
out/test/spec/data.wast:386: assert_invalid passed:
  out/test/spec/data/data.46.wasm:0000013: error: type mismatch in initializer expression, expected [i32] but got [funcref]
  0000014: error: EndDataSegmentInitExpr callback failed
out/test/spec/data.wast:394: assert_invalid passed:
  out/test/spec/data/data.47.wasm:0000011: error: type mismatch in initializer expression, expected [i32] but got []
  0000012: error: EndDataSegmentInitExpr callback failed
out/test/spec/data.wast:402: assert_invalid passed:
  out/test/spec/data/data.48.wasm:0000015: error: type mismatch at end of initializer expression, expected [] but got [i32]
  0000016: error: EndDataSegmentInitExpr callback failed
out/test/spec/data.wast:410: assert_invalid passed:
  out/test/spec/data/data.49.wasm:000002b: error: type mismatch at end of initializer expression, expected [] but got [i32]
  000002c: error: EndDataSegmentInitExpr callback failed
out/test/spec/data.wast:419: assert_invalid passed:
  out/test/spec/data/data.50.wasm:000002b: error: type mismatch at end of initializer expression, expected [] but got [i32]
  000002c: error: EndDataSegmentInitExpr callback failed
out/test/spec/data.wast:428: assert_invalid passed:
  out/test/spec/data/data.51.wasm:0000014: error: invalid initializer: instruction not valid in initializer expression: i32.ctz
  0000014: error: OnUnaryExpr callback failed
out/test/spec/data.wast:436: assert_invalid passed:
  out/test/spec/data/data.52.wasm:0000012: error: invalid initializer: instruction not valid in initializer expression: nop
  0000012: error: OnNopExpr callback failed
out/test/spec/data.wast:444: assert_invalid passed:
  out/test/spec/data/data.53.wasm:0000012: error: invalid initializer: instruction not valid in initializer expression: nop
  0000012: error: OnNopExpr callback failed
out/test/spec/data.wast:452: assert_invalid passed:
  out/test/spec/data/data.54.wasm:0000014: error: invalid initializer: instruction not valid in initializer expression: nop
  0000014: error: OnNopExpr callback failed
out/test/spec/data.wast:466: assert_invalid passed:
  out/test/spec/data/data.55.wasm:0000013: error: global variable out of range: 0 (max 0)
  0000013: error: OnGlobalGetExpr callback failed
out/test/spec/data.wast:474: assert_invalid passed:
  out/test/spec/data/data.56.wasm:0000029: error: global variable out of range: 1 (max 1)
  0000029: error: OnGlobalGetExpr callback failed
out/test/spec/data.wast:483: assert_invalid passed:
  out/test/spec/data/data.57.wasm:000002d: error: initializer expression cannot reference a mutable global
  000002d: error: OnGlobalGetExpr callback failed
58/58 tests passed.
;;; STDOUT ;;)
