;;; TOOL: run-interp-spec
;;; STDIN_FILE: third_party/testsuite/get_local.wast
(;; STDOUT ;;;
out/third_party/testsuite/get_local.wast:91: assert_invalid passed:
  error: type mismatch in implicit return, expected [i64] but got [i32]
  000001d: error: EndFunctionBody callback failed
out/third_party/testsuite/get_local.wast:95: assert_invalid passed:
  error: type mismatch in i32.eqz, expected [i32] but got [f32]
  000001c: error: OnConvertExpr callback failed
out/third_party/testsuite/get_local.wast:99: assert_invalid passed:
  error: type mismatch in f64.neg, expected [f64] but got [i64]
  000001e: error: OnUnaryExpr callback failed
out/third_party/testsuite/get_local.wast:107: assert_invalid passed:
  error: type mismatch in implicit return, expected [i64] but got [i32]
  000001c: error: EndFunctionBody callback failed
out/third_party/testsuite/get_local.wast:111: assert_invalid passed:
  error: type mismatch in i32.eqz, expected [i32] but got [f32]
  000001b: error: OnConvertExpr callback failed
out/third_party/testsuite/get_local.wast:115: assert_invalid passed:
  error: type mismatch in f64.neg, expected [f64] but got [i64]
  000001c: error: OnUnaryExpr callback failed
out/third_party/testsuite/get_local.wast:123: assert_invalid passed:
  error: invalid local_index: 3 (max 2)
  000001d: error: OnGetLocalExpr callback failed
out/third_party/testsuite/get_local.wast:127: assert_invalid passed:
  error: invalid local_index: 14324343 (max 2)
  0000020: error: OnGetLocalExpr callback failed
out/third_party/testsuite/get_local.wast:132: assert_invalid passed:
  error: invalid local_index: 2 (max 2)
  000001b: error: OnGetLocalExpr callback failed
out/third_party/testsuite/get_local.wast:136: assert_invalid passed:
  error: invalid local_index: 714324343 (max 2)
  0000021: error: OnGetLocalExpr callback failed
out/third_party/testsuite/get_local.wast:141: assert_invalid passed:
  error: invalid local_index: 3 (max 3)
  000001e: error: OnGetLocalExpr callback failed
out/third_party/testsuite/get_local.wast:145: assert_invalid passed:
  error: invalid local_index: 214324343 (max 3)
  0000021: error: OnGetLocalExpr callback failed
22/22 tests passed.
;;; STDOUT ;;)
