;;; TOOL: run-interp-spec
;;; STDIN_FILE: third_party/testsuite/globals.wast
(;; STDOUT ;;;
out/test/spec/globals.wast:50: assert_invalid passed:
  error: can't set_global on immutable global at index 0.
  0000026: error: OnSetGlobalExpr callback failed
out/test/spec/globals.wast:59: assert_invalid passed:
  0000013: error: expected END opcode after initializer expression
out/test/spec/globals.wast:64: assert_invalid passed:
  000000e: error: unexpected opcode in initializer expression: 0x20
out/test/spec/globals.wast:69: assert_invalid passed:
  0000013: error: expected END opcode after initializer expression
out/test/spec/globals.wast:74: assert_invalid passed:
  0000010: error: expected END opcode after initializer expression
out/test/spec/globals.wast:79: assert_invalid passed:
  000000e: error: unexpected opcode in initializer expression: 0x1
out/test/spec/globals.wast:84: assert_invalid passed:
  error: type mismatch in global, expected i32 but got f32.
  0000013: error: EndGlobalInitExpr callback failed
out/test/spec/globals.wast:89: assert_invalid passed:
  0000010: error: expected END opcode after initializer expression
out/test/spec/globals.wast:94: assert_invalid passed:
  error: type mismatch in global, expected i32 but got void.
  000000e: error: EndGlobalInitExpr callback failed
out/test/spec/globals.wast:99: assert_invalid passed:
  error: initializer expression can only reference an imported global
  000000f: error: OnInitExprGetGlobalExpr callback failed
out/test/spec/globals.wast:104: assert_invalid passed:
  error: initializer expression can only reference an imported global
  000000f: error: OnInitExprGetGlobalExpr callback failed
out/test/spec/globals.wast:112: assert_malformed passed:
  0000019: error: unable to read string: import field name
out/test/spec/globals.wast:125: assert_malformed passed:
  0000019: error: unable to read string: import field name
out/test/spec/globals.wast:142: assert_malformed passed:
  0000011: error: global mutability must be 0 or 1
out/test/spec/globals.wast:154: assert_malformed passed:
  0000011: error: global mutability must be 0 or 1
31/31 tests passed.
;;; STDOUT ;;)
