;;; TOOL: run-interp-spec
;;; STDIN_FILE: third_party/testsuite/local_get.wast
(;; STDOUT ;;;
out/test/spec/local_get.wast:149: assert_invalid passed:
  out/test/spec/local_get/local_get.1.wasm:000001d: error: type mismatch in implicit return, expected [i64] but got [i32]
  000001d: error: EndFunctionBody callback failed
out/test/spec/local_get.wast:153: assert_invalid passed:
  out/test/spec/local_get/local_get.2.wasm:000001d: error: type mismatch in i32.eqz, expected [i32] but got [f32]
  000001d: error: OnConvertExpr callback failed
out/test/spec/local_get.wast:157: assert_invalid passed:
  out/test/spec/local_get/local_get.3.wasm:000001f: error: type mismatch in f64.neg, expected [f64] but got [i64]
  000001f: error: OnUnaryExpr callback failed
out/test/spec/local_get.wast:165: assert_invalid passed:
  out/test/spec/local_get/local_get.4.wasm:000001c: error: type mismatch in implicit return, expected [i64] but got [i32]
  000001c: error: EndFunctionBody callback failed
out/test/spec/local_get.wast:169: assert_invalid passed:
  out/test/spec/local_get/local_get.5.wasm:000001c: error: type mismatch in i32.eqz, expected [i32] but got [f32]
  000001c: error: OnConvertExpr callback failed
out/test/spec/local_get.wast:173: assert_invalid passed:
  out/test/spec/local_get/local_get.6.wasm:000001d: error: type mismatch in f64.neg, expected [f64] but got [i64]
  000001d: error: OnUnaryExpr callback failed
out/test/spec/local_get.wast:181: assert_invalid passed:
  out/test/spec/local_get/local_get.7.wasm:000001c: error: type mismatch at end of function, expected [] but got [i32]
  000001c: error: EndFunctionBody callback failed
out/test/spec/local_get.wast:185: assert_invalid passed:
  out/test/spec/local_get/local_get.8.wasm:000001c: error: type mismatch at end of function, expected [] but got [i64]
  000001c: error: EndFunctionBody callback failed
out/test/spec/local_get.wast:189: assert_invalid passed:
  out/test/spec/local_get/local_get.9.wasm:000001c: error: type mismatch at end of function, expected [] but got [f32]
  000001c: error: EndFunctionBody callback failed
out/test/spec/local_get.wast:193: assert_invalid passed:
  out/test/spec/local_get/local_get.10.wasm:000001c: error: type mismatch at end of function, expected [] but got [f64]
  000001c: error: EndFunctionBody callback failed
out/test/spec/local_get.wast:201: assert_invalid passed:
  0000000: error: local variable out of range (max 2)
  000001d: error: OnLocalGetExpr callback failed
out/test/spec/local_get.wast:205: assert_invalid passed:
  0000000: error: local variable out of range (max 2)
  0000020: error: OnLocalGetExpr callback failed
out/test/spec/local_get.wast:210: assert_invalid passed:
  0000000: error: local variable out of range (max 2)
  000001b: error: OnLocalGetExpr callback failed
out/test/spec/local_get.wast:214: assert_invalid passed:
  0000000: error: local variable out of range (max 2)
  000001f: error: OnLocalGetExpr callback failed
out/test/spec/local_get.wast:219: assert_invalid passed:
  0000000: error: local variable out of range (max 3)
  000001e: error: OnLocalGetExpr callback failed
out/test/spec/local_get.wast:223: assert_invalid passed:
  0000000: error: local variable out of range (max 3)
  0000021: error: OnLocalGetExpr callback failed
36/36 tests passed.
;;; STDOUT ;;)
