;;; TOOL: run-interp-spec
;;; STDIN_FILE: third_party/testsuite/return.wast
(;; STDOUT ;;;
out/test/spec/return.wast:311: assert_invalid passed:
  error: type mismatch in return, expected [f64] but got []
  0000019: error: OnReturnExpr callback failed
out/test/spec/return.wast:315: assert_invalid passed:
  error: type mismatch in return, expected [f64] but got []
  000001a: error: OnReturnExpr callback failed
out/test/spec/return.wast:319: assert_invalid passed:
  error: type mismatch in return, expected [f64] but got [i64]
  000001b: error: OnReturnExpr callback failed
66/66 tests passed.
;;; STDOUT ;;)
