;;; TOOL: run-interp-spec
;;; STDIN_FILE: third_party/testsuite/simd_i16x8_q15mulr_sat_s.wast
(;; STDOUT ;;;
out/test/spec/simd_i16x8_q15mulr_sat_s.wast:90: assert_invalid passed:
  out/test/spec/simd_i16x8_q15mulr_sat_s/simd_i16x8_q15mulr_sat_s.1.wasm:0000022: error: type mismatch in i16x8.q15mulr_sat_s, expected [v128, v128] but got [i32, f32]
  0000022: error: OnBinaryExpr callback failed
out/test/spec/simd_i16x8_q15mulr_sat_s.wast:95: assert_invalid passed:
  out/test/spec/simd_i16x8_q15mulr_sat_s/simd_i16x8_q15mulr_sat_s.2.wasm:000002d: error: type mismatch in i16x8.q15mulr_sat_s, expected [v128, v128] but got [v128]
  000002d: error: OnBinaryExpr callback failed
out/test/spec/simd_i16x8_q15mulr_sat_s.wast:103: assert_invalid passed:
  out/test/spec/simd_i16x8_q15mulr_sat_s/simd_i16x8_q15mulr_sat_s.3.wasm:000001b: error: type mismatch in i16x8.q15mulr_sat_s, expected [v128, v128] but got []
  000001b: error: OnBinaryExpr callback failed
29/29 tests passed.
;;; STDOUT ;;)
