;;; TOOL: run-interp-spec
;;; STDIN_FILE: third_party/testsuite/simd_i32x4_arith.wast
(;; STDOUT ;;;
out/test/spec/simd_i32x4_arith.wast:528: assert_invalid passed:
  out/test/spec/simd_i32x4_arith/simd_i32x4_arith.1.wasm:000001d: error: type mismatch in i32x4.neg, expected [v128] but got [i32]
  000001d: error: OnUnaryExpr callback failed
out/test/spec/simd_i32x4_arith.wast:529: assert_invalid passed:
  out/test/spec/simd_i32x4_arith/simd_i32x4_arith.2.wasm:0000022: error: type mismatch in i32x4.add, expected [v128, v128] but got [i32, f32]
  0000022: error: OnBinaryExpr callback failed
out/test/spec/simd_i32x4_arith.wast:530: assert_invalid passed:
  out/test/spec/simd_i32x4_arith/simd_i32x4_arith.3.wasm:0000022: error: type mismatch in i32x4.sub, expected [v128, v128] but got [i32, f32]
  0000022: error: OnBinaryExpr callback failed
out/test/spec/simd_i32x4_arith.wast:531: assert_invalid passed:
  out/test/spec/simd_i32x4_arith/simd_i32x4_arith.4.wasm:0000022: error: type mismatch in i32x4.mul, expected [v128, v128] but got [i32, f32]
  0000022: error: OnBinaryExpr callback failed
out/test/spec/simd_i32x4_arith.wast:536: assert_invalid passed:
  out/test/spec/simd_i32x4_arith/simd_i32x4_arith.5.wasm:000001b: error: type mismatch in i32x4.neg, expected [v128] but got []
  000001b: error: OnUnaryExpr callback failed
out/test/spec/simd_i32x4_arith.wast:544: assert_invalid passed:
  out/test/spec/simd_i32x4_arith/simd_i32x4_arith.6.wasm:000002d: error: type mismatch in i32x4.add, expected [v128, v128] but got [v128]
  000002d: error: OnBinaryExpr callback failed
out/test/spec/simd_i32x4_arith.wast:552: assert_invalid passed:
  out/test/spec/simd_i32x4_arith/simd_i32x4_arith.7.wasm:000001b: error: type mismatch in i32x4.add, expected [v128, v128] but got []
  000001b: error: OnBinaryExpr callback failed
out/test/spec/simd_i32x4_arith.wast:560: assert_invalid passed:
  out/test/spec/simd_i32x4_arith/simd_i32x4_arith.8.wasm:000002d: error: type mismatch in i32x4.sub, expected [v128, v128] but got [v128]
  000002d: error: OnBinaryExpr callback failed
out/test/spec/simd_i32x4_arith.wast:568: assert_invalid passed:
  out/test/spec/simd_i32x4_arith/simd_i32x4_arith.9.wasm:000001b: error: type mismatch in i32x4.sub, expected [v128, v128] but got []
  000001b: error: OnBinaryExpr callback failed
out/test/spec/simd_i32x4_arith.wast:576: assert_invalid passed:
  out/test/spec/simd_i32x4_arith/simd_i32x4_arith.10.wasm:000002d: error: type mismatch in i32x4.mul, expected [v128, v128] but got [v128]
  000002d: error: OnBinaryExpr callback failed
out/test/spec/simd_i32x4_arith.wast:584: assert_invalid passed:
  out/test/spec/simd_i32x4_arith/simd_i32x4_arith.11.wasm:000001b: error: type mismatch in i32x4.mul, expected [v128, v128] but got []
  000001b: error: OnBinaryExpr callback failed
194/194 tests passed.
;;; STDOUT ;;)
