;;; TOOL: run-interp-spec
;;; STDIN_FILE: third_party/testsuite/simd_i8x16_cmp.wast
(;; STDOUT ;;;
out/test/spec/simd_i8x16_cmp.wast:1401: assert_invalid passed:
  error: type mismatch in i8x16.eq, expected [v128, v128] but got [i32, f32]
  0000021: error: OnCompareExpr callback failed
out/test/spec/simd_i8x16_cmp.wast:1402: assert_invalid passed:
  error: type mismatch in i8x16.ge_s, expected [v128, v128] but got [i32, f32]
  0000021: error: OnCompareExpr callback failed
out/test/spec/simd_i8x16_cmp.wast:1403: assert_invalid passed:
  error: type mismatch in i8x16.ge_u, expected [v128, v128] but got [i32, f32]
  0000021: error: OnCompareExpr callback failed
out/test/spec/simd_i8x16_cmp.wast:1404: assert_invalid passed:
  error: type mismatch in i8x16.gt_s, expected [v128, v128] but got [i32, f32]
  0000021: error: OnCompareExpr callback failed
out/test/spec/simd_i8x16_cmp.wast:1405: assert_invalid passed:
  error: type mismatch in i8x16.gt_u, expected [v128, v128] but got [i32, f32]
  0000021: error: OnCompareExpr callback failed
out/test/spec/simd_i8x16_cmp.wast:1406: assert_invalid passed:
  error: type mismatch in i8x16.le_s, expected [v128, v128] but got [i32, f32]
  0000021: error: OnCompareExpr callback failed
out/test/spec/simd_i8x16_cmp.wast:1407: assert_invalid passed:
  error: type mismatch in i8x16.le_u, expected [v128, v128] but got [i32, f32]
  0000021: error: OnCompareExpr callback failed
out/test/spec/simd_i8x16_cmp.wast:1408: assert_invalid passed:
  error: type mismatch in i8x16.lt_s, expected [v128, v128] but got [i32, f32]
  0000021: error: OnCompareExpr callback failed
out/test/spec/simd_i8x16_cmp.wast:1409: assert_invalid passed:
  error: type mismatch in i8x16.lt_u, expected [v128, v128] but got [i32, f32]
  0000021: error: OnCompareExpr callback failed
out/test/spec/simd_i8x16_cmp.wast:1410: assert_invalid passed:
  error: type mismatch in i8x16.ne, expected [v128, v128] but got [i32, f32]
  0000021: error: OnCompareExpr callback failed
out/test/spec/simd_i8x16_cmp.wast:1689: assert_invalid passed:
  error: type mismatch in i8x16.eq, expected [v128, v128] but got [v128]
  000002c: error: OnCompareExpr callback failed
out/test/spec/simd_i8x16_cmp.wast:1697: assert_invalid passed:
  error: type mismatch in i8x16.eq, expected [v128, v128] but got []
  000001a: error: OnCompareExpr callback failed
out/test/spec/simd_i8x16_cmp.wast:1705: assert_invalid passed:
  error: type mismatch in i8x16.ne, expected [v128, v128] but got [v128]
  000002c: error: OnCompareExpr callback failed
out/test/spec/simd_i8x16_cmp.wast:1713: assert_invalid passed:
  error: type mismatch in i8x16.ne, expected [v128, v128] but got []
  000001a: error: OnCompareExpr callback failed
out/test/spec/simd_i8x16_cmp.wast:1721: assert_invalid passed:
  error: type mismatch in i8x16.lt_s, expected [v128, v128] but got [v128]
  000002c: error: OnCompareExpr callback failed
out/test/spec/simd_i8x16_cmp.wast:1729: assert_invalid passed:
  error: type mismatch in i8x16.lt_s, expected [v128, v128] but got []
  000001a: error: OnCompareExpr callback failed
out/test/spec/simd_i8x16_cmp.wast:1737: assert_invalid passed:
  error: type mismatch in i8x16.lt_u, expected [v128, v128] but got [v128]
  000002c: error: OnCompareExpr callback failed
out/test/spec/simd_i8x16_cmp.wast:1745: assert_invalid passed:
  error: type mismatch in i8x16.lt_u, expected [v128, v128] but got []
  000001a: error: OnCompareExpr callback failed
out/test/spec/simd_i8x16_cmp.wast:1753: assert_invalid passed:
  error: type mismatch in i8x16.le_s, expected [v128, v128] but got [v128]
  000002c: error: OnCompareExpr callback failed
out/test/spec/simd_i8x16_cmp.wast:1761: assert_invalid passed:
  error: type mismatch in i8x16.le_s, expected [v128, v128] but got []
  000001a: error: OnCompareExpr callback failed
out/test/spec/simd_i8x16_cmp.wast:1769: assert_invalid passed:
  error: type mismatch in i8x16.le_u, expected [v128, v128] but got [v128]
  000002c: error: OnCompareExpr callback failed
out/test/spec/simd_i8x16_cmp.wast:1777: assert_invalid passed:
  error: type mismatch in i8x16.le_u, expected [v128, v128] but got []
  000001a: error: OnCompareExpr callback failed
out/test/spec/simd_i8x16_cmp.wast:1785: assert_invalid passed:
  error: type mismatch in i8x16.gt_s, expected [v128, v128] but got [v128]
  000002c: error: OnCompareExpr callback failed
out/test/spec/simd_i8x16_cmp.wast:1793: assert_invalid passed:
  error: type mismatch in i8x16.gt_s, expected [v128, v128] but got []
  000001a: error: OnCompareExpr callback failed
out/test/spec/simd_i8x16_cmp.wast:1801: assert_invalid passed:
  error: type mismatch in i8x16.gt_u, expected [v128, v128] but got [v128]
  000002c: error: OnCompareExpr callback failed
out/test/spec/simd_i8x16_cmp.wast:1809: assert_invalid passed:
  error: type mismatch in i8x16.gt_u, expected [v128, v128] but got []
  000001a: error: OnCompareExpr callback failed
out/test/spec/simd_i8x16_cmp.wast:1817: assert_invalid passed:
  error: type mismatch in i8x16.ge_s, expected [v128, v128] but got [v128]
  000002c: error: OnCompareExpr callback failed
out/test/spec/simd_i8x16_cmp.wast:1825: assert_invalid passed:
  error: type mismatch in i8x16.ge_s, expected [v128, v128] but got []
  000001a: error: OnCompareExpr callback failed
out/test/spec/simd_i8x16_cmp.wast:1833: assert_invalid passed:
  error: type mismatch in i8x16.ge_u, expected [v128, v128] but got [v128]
  000002c: error: OnCompareExpr callback failed
out/test/spec/simd_i8x16_cmp.wast:1841: assert_invalid passed:
  error: type mismatch in i8x16.ge_u, expected [v128, v128] but got []
  000001a: error: OnCompareExpr callback failed
443/443 tests passed.
;;; STDOUT ;;)
