;;; TOOL: run-interp-spec
;;; STDIN_FILE: third_party/testsuite/simd_bitwise.wast
(;; STDOUT ;;;
out/test/spec/simd_bitwise.wast:405: assert_invalid passed:
  error: type mismatch in v128.not, expected [v128] but got [i32]
  000001c: error: OnUnaryExpr callback failed
out/test/spec/simd_bitwise.wast:407: assert_invalid passed:
  error: type mismatch in v128.and, expected [v128, v128] but got [i32, v128]
  000002e: error: OnBinaryExpr callback failed
out/test/spec/simd_bitwise.wast:408: assert_invalid passed:
  error: type mismatch in v128.and, expected [v128, v128] but got [v128, i32]
  000002e: error: OnBinaryExpr callback failed
out/test/spec/simd_bitwise.wast:409: assert_invalid passed:
  error: type mismatch in v128.and, expected [v128, v128] but got [i32, i32]
  000001e: error: OnBinaryExpr callback failed
out/test/spec/simd_bitwise.wast:411: assert_invalid passed:
  error: type mismatch in v128.or, expected [v128, v128] but got [i32, v128]
  000002e: error: OnBinaryExpr callback failed
out/test/spec/simd_bitwise.wast:412: assert_invalid passed:
  error: type mismatch in v128.or, expected [v128, v128] but got [v128, i32]
  000002e: error: OnBinaryExpr callback failed
out/test/spec/simd_bitwise.wast:413: assert_invalid passed:
  error: type mismatch in v128.or, expected [v128, v128] but got [i32, i32]
  000001e: error: OnBinaryExpr callback failed
out/test/spec/simd_bitwise.wast:415: assert_invalid passed:
  error: type mismatch in v128.xor, expected [v128, v128] but got [i32, v128]
  000002e: error: OnBinaryExpr callback failed
out/test/spec/simd_bitwise.wast:416: assert_invalid passed:
  error: type mismatch in v128.xor, expected [v128, v128] but got [v128, i32]
  000002e: error: OnBinaryExpr callback failed
out/test/spec/simd_bitwise.wast:417: assert_invalid passed:
  error: type mismatch in v128.xor, expected [v128, v128] but got [i32, i32]
  000001e: error: OnBinaryExpr callback failed
out/test/spec/simd_bitwise.wast:419: assert_invalid passed:
  error: type mismatch in v128.bitselect, expected [v128, v128, v128] but got [i32, v128, v128]
  0000040: error: OnTernaryExpr callback failed
out/test/spec/simd_bitwise.wast:420: assert_invalid passed:
  error: type mismatch in v128.bitselect, expected [v128, v128, v128] but got [v128, v128, i32]
  0000040: error: OnTernaryExpr callback failed
out/test/spec/simd_bitwise.wast:421: assert_invalid passed:
  error: type mismatch in v128.bitselect, expected [v128, v128, v128] but got [i32, i32, i32]
  0000020: error: OnTernaryExpr callback failed
out/test/spec/simd_bitwise.wast:423: assert_invalid passed:
  error: type mismatch in v128.andnot, expected [v128, v128] but got [i32, v128]
  000002e: error: OnBinaryExpr callback failed
out/test/spec/simd_bitwise.wast:424: assert_invalid passed:
  error: type mismatch in v128.andnot, expected [v128, v128] but got [v128, i32]
  000002e: error: OnBinaryExpr callback failed
out/test/spec/simd_bitwise.wast:425: assert_invalid passed:
  error: type mismatch in v128.andnot, expected [v128, v128] but got [i32, i32]
  000001e: error: OnBinaryExpr callback failed
out/test/spec/simd_bitwise.wast:718: assert_invalid passed:
  error: type mismatch in v128.not, expected [v128] but got []
  000001a: error: OnUnaryExpr callback failed
out/test/spec/simd_bitwise.wast:726: assert_invalid passed:
  error: type mismatch in v128.and, expected [v128, v128] but got [v128]
  000002c: error: OnBinaryExpr callback failed
out/test/spec/simd_bitwise.wast:734: assert_invalid passed:
  error: type mismatch in v128.and, expected [v128, v128] but got []
  000001a: error: OnBinaryExpr callback failed
out/test/spec/simd_bitwise.wast:742: assert_invalid passed:
  error: type mismatch in v128.or, expected [v128, v128] but got [v128]
  000002c: error: OnBinaryExpr callback failed
out/test/spec/simd_bitwise.wast:750: assert_invalid passed:
  error: type mismatch in v128.or, expected [v128, v128] but got []
  000001a: error: OnBinaryExpr callback failed
out/test/spec/simd_bitwise.wast:758: assert_invalid passed:
  error: type mismatch in v128.xor, expected [v128, v128] but got [v128]
  000002c: error: OnBinaryExpr callback failed
out/test/spec/simd_bitwise.wast:766: assert_invalid passed:
  error: type mismatch in v128.xor, expected [v128, v128] but got []
  000001a: error: OnBinaryExpr callback failed
out/test/spec/simd_bitwise.wast:774: assert_invalid passed:
  error: type mismatch in v128.andnot, expected [v128, v128] but got [v128]
  000002c: error: OnBinaryExpr callback failed
out/test/spec/simd_bitwise.wast:782: assert_invalid passed:
  error: type mismatch in v128.andnot, expected [v128, v128] but got []
  000001a: error: OnBinaryExpr callback failed
out/test/spec/simd_bitwise.wast:790: assert_invalid passed:
  error: type mismatch in v128.bitselect, expected [v128, v128, v128] but got [v128, v128]
  000003e: error: OnTernaryExpr callback failed
out/test/spec/simd_bitwise.wast:798: assert_invalid passed:
  error: type mismatch in v128.bitselect, expected [v128, v128, v128] but got [v128]
  000002c: error: OnTernaryExpr callback failed
out/test/spec/simd_bitwise.wast:806: assert_invalid passed:
  error: type mismatch in v128.bitselect, expected [v128, v128, v128] but got []
  000001a: error: OnTernaryExpr callback failed
167/167 tests passed.
;;; STDOUT ;;)
