;;; TOOL: run-interp-spec
;;; STDIN_FILE: third_party/testsuite/simd_store16_lane.wast
(;; STDOUT ;;;
out/test/spec/simd_store16_lane.wast:283: assert_invalid passed:
  out/test/spec/simd_store16_lane/simd_store16_lane.1.wasm:0000027: error: type mismatch in v128.store16_lane, expected [i32, v128] but got [v128, i32]
  0000027: error: OnSimdStoreLaneExpr callback failed
out/test/spec/simd_store16_lane.wast:289: assert_invalid passed:
  out/test/spec/simd_store16_lane/simd_store16_lane.2.wasm:0000027: error: lane index must be less than 8 (got 8)
  0000027: error: OnSimdStoreLaneExpr callback failed
out/test/spec/simd_store16_lane.wast:296: assert_invalid passed:
  out/test/spec/simd_store16_lane/simd_store16_lane.3.wasm:0000027: error: alignment must not be larger than natural alignment (2)
  0000027: error: OnSimdStoreLaneExpr callback failed
35/35 tests passed.
;;; STDOUT ;;)
