;;; TOOL: run-interp-spec
;;; STDIN_FILE: third_party/testsuite/simd_store32_lane.wast
(;; STDOUT ;;;
out/test/spec/simd_store32_lane.wast:183: assert_invalid passed:
  out/test/spec/simd_store32_lane/simd_store32_lane.1.wasm:0000027: error: type mismatch in v128.store32_lane, expected [i32, v128] but got [v128, i32]
  0000027: error: OnSimdStoreLaneExpr callback failed
out/test/spec/simd_store32_lane.wast:189: assert_invalid passed:
  out/test/spec/simd_store32_lane/simd_store32_lane.2.wasm:0000027: error: lane index must be less than 4 (got 4)
  0000027: error: OnSimdStoreLaneExpr callback failed
out/test/spec/simd_store32_lane.wast:196: assert_invalid passed:
  out/test/spec/simd_store32_lane/simd_store32_lane.3.wasm:0000027: error: alignment must not be larger than natural alignment (4)
  0000027: error: OnSimdStoreLaneExpr callback failed
23/23 tests passed.
;;; STDOUT ;;)
