;;; TOOL: run-interp-spec
;;; STDIN_FILE: third_party/testsuite/unreached-invalid.wast
(;; STDOUT ;;;
out/third_party/testsuite/unreached-invalid.wast:4: assert_invalid passed:
  error: invalid local_index: 0 (max 0)
  000001a: error: OnGetLocalExpr callback failed
out/third_party/testsuite/unreached-invalid.wast:8: assert_invalid passed:
  error: invalid global_index: 0 (max 0)
  000001a: error: OnGetGlobalExpr callback failed
out/third_party/testsuite/unreached-invalid.wast:12: assert_invalid passed:
  000001a: error: invalid call function index: 1
out/third_party/testsuite/unreached-invalid.wast:16: assert_invalid passed:
  error: invalid depth: 1 (max 0)
  000001a: error: OnBrExpr callback failed
out/third_party/testsuite/unreached-invalid.wast:21: assert_invalid passed:
  error: type mismatch in i64.eqz, expected i64 but got i32.
  000001b: error: OnConvertExpr callback failed
out/third_party/testsuite/unreached-invalid.wast:27: assert_invalid passed:
  error: type mismatch in implicit return, expected i32 but got i64.
  000001f: error: EndFunctionBody callback failed
out/third_party/testsuite/unreached-invalid.wast:33: assert_invalid passed:
  error: type mismatch in select, expected i32 but got i64.
  0000023: error: OnSelectExpr callback failed
out/third_party/testsuite/unreached-invalid.wast:42: assert_invalid passed:
  error: type stack at end of function is 1, expected 0
  000001b: error: EndFunctionBody callback failed
out/third_party/testsuite/unreached-invalid.wast:46: assert_invalid passed:
  error: type stack at end of function is 1, expected 0
  000001a: error: EndFunctionBody callback failed
out/third_party/testsuite/unreached-invalid.wast:50: assert_invalid passed:
  error: type stack at end of function is 1, expected 0
  000001c: error: EndFunctionBody callback failed
out/third_party/testsuite/unreached-invalid.wast:56: assert_invalid passed:
  error: type stack at end of function is 1, expected 0
  000001a: error: EndFunctionBody callback failed
out/third_party/testsuite/unreached-invalid.wast:60: assert_invalid passed:
  error: type stack at end of function is 1, expected 0
  000001c: error: EndFunctionBody callback failed
out/third_party/testsuite/unreached-invalid.wast:64: assert_invalid passed:
  error: type stack at end of function is 1, expected 0
  000001e: error: EndFunctionBody callback failed
out/third_party/testsuite/unreached-invalid.wast:71: assert_invalid passed:
  error: type stack size too small at i32.eqz. got 0, expected at least 1
  000001f: error: OnConvertExpr callback failed
out/third_party/testsuite/unreached-invalid.wast:77: assert_invalid passed:
  error: type mismatch in i32.eqz, expected i32 but got f32.
  0000021: error: OnConvertExpr callback failed
out/third_party/testsuite/unreached-invalid.wast:83: assert_invalid passed:
  error: type stack size too small at f32.eq. got 1, expected at least 2
  error: type mismatch in f32.eq, expected f32 but got i32.
  0000020: error: OnCompareExpr callback failed
out/third_party/testsuite/unreached-invalid.wast:89: assert_invalid passed:
  error: type mismatch in f32.eq, expected f32 but got i32.
  0000023: error: OnCompareExpr callback failed
out/third_party/testsuite/unreached-invalid.wast:95: assert_invalid passed:
  error: type stack at end of block is 1, expected 0
  000001e: error: OnEndExpr callback failed
out/third_party/testsuite/unreached-invalid.wast:101: assert_invalid passed:
  error: type mismatch in block, expected i32 but got f32.
  0000024: error: OnEndExpr callback failed
out/third_party/testsuite/unreached-invalid.wast:107: assert_invalid passed:
  error: type stack at end of loop is 1, expected 0
  0000020: error: OnEndExpr callback failed
out/third_party/testsuite/unreached-invalid.wast:113: assert_invalid passed:
  error: type mismatch in loop, expected i32 but got f32.
  0000024: error: OnEndExpr callback failed
out/third_party/testsuite/unreached-invalid.wast:119: assert_invalid passed:
  error: type stack at end of function is 1, expected 0
  000001c: error: EndFunctionBody callback failed
out/third_party/testsuite/unreached-invalid.wast:125: assert_invalid passed:
  error: type mismatch in implicit return, expected i32 but got f32.
  0000022: error: EndFunctionBody callback failed
out/third_party/testsuite/unreached-invalid.wast:132: assert_invalid passed:
  error: type stack size too small at i32.eqz. got 0, expected at least 1
  000001c: error: OnConvertExpr callback failed
out/third_party/testsuite/unreached-invalid.wast:138: assert_invalid passed:
  error: type mismatch in i32.eqz, expected i32 but got f32.
  000001e: error: OnConvertExpr callback failed
out/third_party/testsuite/unreached-invalid.wast:144: assert_invalid passed:
  error: type stack size too small at f32.eq. got 1, expected at least 2
  error: type mismatch in f32.eq, expected f32 but got i32.
  000001d: error: OnCompareExpr callback failed
out/third_party/testsuite/unreached-invalid.wast:150: assert_invalid passed:
  error: type mismatch in f32.eq, expected f32 but got i32.
  0000020: error: OnCompareExpr callback failed
out/third_party/testsuite/unreached-invalid.wast:156: assert_invalid passed:
  error: type stack at end of block is 1, expected 0
  000001d: error: OnEndExpr callback failed
out/third_party/testsuite/unreached-invalid.wast:162: assert_invalid passed:
  error: type mismatch in block, expected i32 but got f32.
  0000025: error: OnEndExpr callback failed
out/third_party/testsuite/unreached-invalid.wast:168: assert_invalid passed:
  error: type stack at end of loop is 1, expected 0
  000001f: error: OnEndExpr callback failed
out/third_party/testsuite/unreached-invalid.wast:174: assert_invalid passed:
  error: type mismatch in loop, expected i32 but got f32.
  0000023: error: OnEndExpr callback failed
out/third_party/testsuite/unreached-invalid.wast:180: assert_invalid passed:
  error: type stack at end of function is 1, expected 0
  000001b: error: EndFunctionBody callback failed
out/third_party/testsuite/unreached-invalid.wast:186: assert_invalid passed:
  error: type mismatch in implicit return, expected i32 but got f32.
  0000021: error: EndFunctionBody callback failed
out/third_party/testsuite/unreached-invalid.wast:193: assert_invalid passed:
  error: type stack size too small at i32.eqz. got 0, expected at least 1
  000001c: error: OnConvertExpr callback failed
out/third_party/testsuite/unreached-invalid.wast:199: assert_invalid passed:
  error: type mismatch in i32.eqz, expected i32 but got f32.
  000001e: error: OnConvertExpr callback failed
out/third_party/testsuite/unreached-invalid.wast:205: assert_invalid passed:
  error: type stack size too small at f32.eq. got 1, expected at least 2
  error: type mismatch in f32.eq, expected f32 but got i32.
  000001d: error: OnCompareExpr callback failed
out/third_party/testsuite/unreached-invalid.wast:211: assert_invalid passed:
  error: type mismatch in f32.eq, expected f32 but got i32.
  0000020: error: OnCompareExpr callback failed
out/third_party/testsuite/unreached-invalid.wast:217: assert_invalid passed:
  error: type stack at end of block is 1, expected 0
  000001d: error: OnEndExpr callback failed
out/third_party/testsuite/unreached-invalid.wast:223: assert_invalid passed:
  error: type mismatch in block, expected i32 but got f32.
  0000023: error: OnEndExpr callback failed
out/third_party/testsuite/unreached-invalid.wast:229: assert_invalid passed:
  error: type stack at end of loop is 1, expected 0
  000001f: error: OnEndExpr callback failed
out/third_party/testsuite/unreached-invalid.wast:235: assert_invalid passed:
  error: type mismatch in loop, expected i32 but got f32.
  0000021: error: OnEndExpr callback failed
out/third_party/testsuite/unreached-invalid.wast:241: assert_invalid passed:
  error: type stack at end of function is 1, expected 0
  000001b: error: EndFunctionBody callback failed
out/third_party/testsuite/unreached-invalid.wast:247: assert_invalid passed:
  error: type mismatch in implicit return, expected i32 but got f32.
  000001f: error: EndFunctionBody callback failed
out/third_party/testsuite/unreached-invalid.wast:254: assert_invalid passed:
  error: type stack size too small at i32.eqz. got 0, expected at least 1
  000001f: error: OnConvertExpr callback failed
out/third_party/testsuite/unreached-invalid.wast:260: assert_invalid passed:
  error: type mismatch in i32.eqz, expected i32 but got f32.
  0000021: error: OnConvertExpr callback failed
out/third_party/testsuite/unreached-invalid.wast:266: assert_invalid passed:
  error: type stack size too small at f32.eq. got 1, expected at least 2
  error: type mismatch in f32.eq, expected f32 but got i32.
  0000020: error: OnCompareExpr callback failed
out/third_party/testsuite/unreached-invalid.wast:272: assert_invalid passed:
  error: type mismatch in f32.eq, expected f32 but got i32.
  0000023: error: OnCompareExpr callback failed
out/third_party/testsuite/unreached-invalid.wast:278: assert_invalid passed:
  error: type stack at end of block is 1, expected 0
  0000020: error: OnEndExpr callback failed
out/third_party/testsuite/unreached-invalid.wast:284: assert_invalid passed:
  error: type mismatch in block, expected i32 but got f32.
  error: type stack at end of block is 1, expected 0
  0000026: error: OnEndExpr callback failed
out/third_party/testsuite/unreached-invalid.wast:291: assert_invalid passed:
  error: type stack at end of loop is 1, expected 0
  0000022: error: OnEndExpr callback failed
out/third_party/testsuite/unreached-invalid.wast:297: assert_invalid passed:
  error: type mismatch in loop, expected i32 but got f32.
  0000024: error: OnEndExpr callback failed
out/third_party/testsuite/unreached-invalid.wast:304: assert_invalid passed:
  error: type stack at end of function is 1, expected 0
  000001e: error: EndFunctionBody callback failed
out/third_party/testsuite/unreached-invalid.wast:310: assert_invalid passed:
  error: type mismatch in implicit return, expected i32 but got f32.
  0000022: error: EndFunctionBody callback failed
out/third_party/testsuite/unreached-invalid.wast:318: assert_invalid passed:
  error: type stack size too small at i32.eqz. got 0, expected at least 1
  0000020: error: OnConvertExpr callback failed
out/third_party/testsuite/unreached-invalid.wast:324: assert_invalid passed:
  error: type mismatch in i32.eqz, expected i32 but got f32.
  0000022: error: OnConvertExpr callback failed
out/third_party/testsuite/unreached-invalid.wast:330: assert_invalid passed:
  error: type stack size too small at f32.eq. got 1, expected at least 2
  error: type mismatch in f32.eq, expected f32 but got i32.
  0000021: error: OnCompareExpr callback failed
out/third_party/testsuite/unreached-invalid.wast:336: assert_invalid passed:
  error: type mismatch in f32.eq, expected f32 but got i32.
  0000024: error: OnCompareExpr callback failed
out/third_party/testsuite/unreached-invalid.wast:342: assert_invalid passed:
  error: type stack at end of block is 1, expected 0
  0000021: error: OnEndExpr callback failed
out/third_party/testsuite/unreached-invalid.wast:348: assert_invalid passed:
  error: type mismatch in block, expected i32 but got f32.
  error: type stack at end of block is 1, expected 0
  0000027: error: OnEndExpr callback failed
out/third_party/testsuite/unreached-invalid.wast:354: assert_invalid passed:
  error: type stack at end of loop is 1, expected 0
  0000023: error: OnEndExpr callback failed
out/third_party/testsuite/unreached-invalid.wast:360: assert_invalid passed:
  error: type mismatch in loop, expected i32 but got f32.
  0000025: error: OnEndExpr callback failed
out/third_party/testsuite/unreached-invalid.wast:366: assert_invalid passed:
  error: type stack at end of function is 1, expected 0
  000001f: error: EndFunctionBody callback failed
out/third_party/testsuite/unreached-invalid.wast:372: assert_invalid passed:
  error: type mismatch in implicit return, expected i32 but got f32.
  0000023: error: EndFunctionBody callback failed
out/third_party/testsuite/unreached-invalid.wast:379: assert_invalid passed:
  error: type stack size too small at i32.eqz. got 0, expected at least 1
  000001d: error: OnConvertExpr callback failed
out/third_party/testsuite/unreached-invalid.wast:385: assert_invalid passed:
  error: type mismatch in i32.eqz, expected i32 but got f32.
  0000021: error: OnConvertExpr callback failed
out/third_party/testsuite/unreached-invalid.wast:391: assert_invalid passed:
  error: type stack size too small at f32.eq. got 1, expected at least 2
  error: type mismatch in f32.eq, expected f32 but got i32.
  000001e: error: OnCompareExpr callback failed
out/third_party/testsuite/unreached-invalid.wast:397: assert_invalid passed:
  error: type mismatch in f32.eq, expected f32 but got i32.
  0000023: error: OnCompareExpr callback failed
out/third_party/testsuite/unreached-invalid.wast:403: assert_invalid passed:
  error: type stack at end of if is 1, expected 0
  000001e: error: OnEndExpr callback failed
out/third_party/testsuite/unreached-invalid.wast:409: assert_invalid passed:
  error: if without else cannot have type signature.
  error: type mismatch in if, expected i32 but got f32.
  0000022: error: OnEndExpr callback failed
out/third_party/testsuite/unreached-invalid.wast:415: assert_invalid passed:
  error: type stack at end of block is 1, expected 0
  0000020: error: OnEndExpr callback failed
out/third_party/testsuite/unreached-invalid.wast:421: assert_invalid passed:
  error: type mismatch in block, expected i32 but got f32.
  0000024: error: OnEndExpr callback failed
out/third_party/testsuite/unreached-invalid.wast:427: assert_invalid passed:
  error: type stack at end of loop is 1, expected 0
  0000020: error: OnEndExpr callback failed
out/third_party/testsuite/unreached-invalid.wast:433: assert_invalid passed:
  error: type mismatch in loop, expected i32 but got f32.
  0000024: error: OnEndExpr callback failed
out/third_party/testsuite/unreached-invalid.wast:440: assert_invalid passed:
  error: type mismatch in return, expected i32 but got f64.
  0000025: error: OnReturnExpr callback failed
out/third_party/testsuite/unreached-invalid.wast:447: assert_invalid passed:
  error: type mismatch in br, expected i32 but got f64.
  0000029: error: OnBrExpr callback failed
out/third_party/testsuite/unreached-invalid.wast:454: assert_invalid passed:
  error: type mismatch in br_if, expected i32 but got f32.
  0000021: error: OnBrIfExpr callback failed
out/third_party/testsuite/unreached-invalid.wast:460: assert_invalid passed:
  error: type stack at end of block is 1, expected 0
  0000024: error: OnEndExpr callback failed
out/third_party/testsuite/unreached-invalid.wast:468: assert_invalid passed:
  error: type mismatch in block, expected f32 but got i32.
  0000024: error: OnEndExpr callback failed
out/third_party/testsuite/unreached-invalid.wast:477: assert_invalid passed:
  error: type stack at end of block is 1, expected 0
  0000024: error: OnEndExpr callback failed
out/third_party/testsuite/unreached-invalid.wast:485: assert_invalid passed:
  error: type mismatch in br_table, expected i32 but got f32.
  0000022: error: OnBrTableExpr callback failed
out/third_party/testsuite/unreached-invalid.wast:491: assert_invalid passed:
  error: type mismatch in br_table, expected i32 but got f32.
  0000025: error: OnBrTableExpr callback failed
out/third_party/testsuite/unreached-invalid.wast:497: assert_invalid passed:
  error: type mismatch in br_table, expected void but got f32.
  0000023: error: OnBrTableExpr callback failed
out/third_party/testsuite/unreached-invalid.wast:509: assert_invalid passed:
  error: type mismatch in br_table, expected f64 but got f32.
  0000023: error: OnBrTableExpr callback failed
out/third_party/testsuite/unreached-invalid.wast:524: assert_invalid passed:
  error: type stack at end of block is 1, expected 0
  0000020: error: OnEndExpr callback failed
out/third_party/testsuite/unreached-invalid.wast:530: assert_invalid passed:
  error: type stack size too small at implicit return. got 0, expected at least 1
  0000020: error: EndFunctionBody callback failed
out/third_party/testsuite/unreached-invalid.wast:536: assert_invalid passed:
  error: type mismatch in implicit return, expected i32 but got i64.
  0000022: error: EndFunctionBody callback failed
out/third_party/testsuite/unreached-invalid.wast:542: assert_invalid passed:
  error: type stack at end of block is 1, expected 0
  0000023: error: OnEndExpr callback failed
out/third_party/testsuite/unreached-invalid.wast:549: assert_invalid passed:
  error: type stack at end of block is 1, expected 0
  0000021: error: OnEndExpr callback failed
out/third_party/testsuite/unreached-invalid.wast:555: assert_invalid passed:
  error: type stack size too small at block. got 0, expected at least 1
  0000022: error: OnEndExpr callback failed
out/third_party/testsuite/unreached-invalid.wast:561: assert_invalid passed:
  error: type mismatch in block, expected i32 but got i64.
  0000024: error: OnEndExpr callback failed
out/third_party/testsuite/unreached-invalid.wast:568: assert_invalid passed:
  error: type stack at end of block is 1, expected 0
  0000023: error: OnEndExpr callback failed
out/third_party/testsuite/unreached-invalid.wast:574: assert_invalid passed:
  error: type stack size too small at block. got 0, expected at least 1
  0000025: error: OnEndExpr callback failed
out/third_party/testsuite/unreached-invalid.wast:580: assert_invalid passed:
  error: type mismatch in block, expected i32 but got i64.
  0000027: error: OnEndExpr callback failed
out/third_party/testsuite/unreached-invalid.wast:588: assert_invalid passed:
  error: type stack at end of block is 1, expected 0
  0000024: error: OnEndExpr callback failed
out/third_party/testsuite/unreached-invalid.wast:595: assert_invalid passed:
  error: type stack at end of block is 1, expected 0
  0000020: error: OnEndExpr callback failed
out/third_party/testsuite/unreached-invalid.wast:601: assert_invalid passed:
  error: type stack size too small at implicit return. got 0, expected at least 1
  0000022: error: EndFunctionBody callback failed
out/third_party/testsuite/unreached-invalid.wast:607: assert_invalid passed:
  error: type mismatch in implicit return, expected i32 but got i64.
  0000024: error: EndFunctionBody callback failed
out/third_party/testsuite/unreached-invalid.wast:613: assert_invalid passed:
  error: type stack at end of block is 1, expected 0
  0000025: error: OnEndExpr callback failed
out/third_party/testsuite/unreached-invalid.wast:621: assert_invalid passed:
  error: type stack at end of loop is 1, expected 0
  0000020: error: OnEndExpr callback failed
out/third_party/testsuite/unreached-invalid.wast:627: assert_invalid passed:
  error: type stack size too small at implicit return. got 0, expected at least 1
  0000020: error: EndFunctionBody callback failed
out/third_party/testsuite/unreached-invalid.wast:633: assert_invalid passed:
  error: type mismatch in implicit return, expected i32 but got i64.
  0000022: error: EndFunctionBody callback failed
out/third_party/testsuite/unreached-invalid.wast:640: assert_invalid passed:
  error: type stack size too small at implicit return. got 0, expected at least 1
  000001f: error: EndFunctionBody callback failed
out/third_party/testsuite/unreached-invalid.wast:646: assert_invalid passed:
  error: type stack size too small at implicit return. got 0, expected at least 1
  0000020: error: EndFunctionBody callback failed
out/third_party/testsuite/unreached-invalid.wast:653: assert_invalid passed:
  error: type stack at end of function is 1, expected 0
  000001d: error: EndFunctionBody callback failed
out/third_party/testsuite/unreached-invalid.wast:660: assert_invalid passed:
  error: type stack at end of block is 1, expected 0
  0000022: error: OnEndExpr callback failed
105/105 tests passed.
;;; STDOUT ;;)
