;;; TOOL: run-interp-spec
;;; STDIN_FILE: third_party/testsuite/proposals/multi-value/binary.wast
;;; ARGS*: --enable-multi-value
(;; STDOUT ;;;
out/test/spec/multi-value/binary.wast:6: assert_malformed passed:
  0000000: error: unable to read uint32_t: magic
out/test/spec/multi-value/binary.wast:7: assert_malformed passed:
  0000000: error: unable to read uint32_t: magic
out/test/spec/multi-value/binary.wast:8: assert_malformed passed:
  0000000: error: unable to read uint32_t: magic
out/test/spec/multi-value/binary.wast:9: assert_malformed passed:
  0000004: error: bad magic value
out/test/spec/multi-value/binary.wast:10: assert_malformed passed:
  0000004: error: bad magic value
out/test/spec/multi-value/binary.wast:11: assert_malformed passed:
  0000004: error: bad magic value
out/test/spec/multi-value/binary.wast:12: assert_malformed passed:
  0000004: error: bad magic value
out/test/spec/multi-value/binary.wast:13: assert_malformed passed:
  0000004: error: bad magic value
out/test/spec/multi-value/binary.wast:14: assert_malformed passed:
  0000004: error: bad magic value
out/test/spec/multi-value/binary.wast:15: assert_malformed passed:
  0000004: error: bad magic value
out/test/spec/multi-value/binary.wast:16: assert_malformed passed:
  0000004: error: bad magic value
out/test/spec/multi-value/binary.wast:17: assert_malformed passed:
  0000004: error: bad magic value
out/test/spec/multi-value/binary.wast:18: assert_malformed passed:
  0000004: error: bad magic value
out/test/spec/multi-value/binary.wast:21: assert_malformed passed:
  0000004: error: bad magic value
out/test/spec/multi-value/binary.wast:24: assert_malformed passed:
  0000004: error: bad magic value
out/test/spec/multi-value/binary.wast:25: assert_malformed passed:
  0000004: error: bad magic value
out/test/spec/multi-value/binary.wast:28: assert_malformed passed:
  0000004: error: bad magic value
out/test/spec/multi-value/binary.wast:31: assert_malformed passed:
  0000004: error: bad magic value
out/test/spec/multi-value/binary.wast:34: assert_malformed passed:
  0000004: error: bad magic value
out/test/spec/multi-value/binary.wast:37: assert_malformed passed:
  0000004: error: unable to read uint32_t: version
out/test/spec/multi-value/binary.wast:38: assert_malformed passed:
  0000004: error: unable to read uint32_t: version
out/test/spec/multi-value/binary.wast:39: assert_malformed passed:
  0000004: error: unable to read uint32_t: version
out/test/spec/multi-value/binary.wast:40: assert_malformed passed:
  0000008: error: bad wasm file version: 0 (expected 0x1)
out/test/spec/multi-value/binary.wast:41: assert_malformed passed:
  0000008: error: bad wasm file version: 0xd (expected 0x1)
out/test/spec/multi-value/binary.wast:42: assert_malformed passed:
  0000008: error: bad wasm file version: 0xe (expected 0x1)
out/test/spec/multi-value/binary.wast:43: assert_malformed passed:
  0000008: error: bad wasm file version: 0x100 (expected 0x1)
out/test/spec/multi-value/binary.wast:44: assert_malformed passed:
  0000008: error: bad wasm file version: 0x10000 (expected 0x1)
out/test/spec/multi-value/binary.wast:45: assert_malformed passed:
  0000008: error: bad wasm file version: 0x1000000 (expected 0x1)
out/test/spec/multi-value/binary.wast:50: assert_malformed passed:
  0000022: error: call_indirect reserved value must be 0
out/test/spec/multi-value/binary.wast:69: assert_malformed passed:
  0000022: error: call_indirect reserved value must be 0
out/test/spec/multi-value/binary.wast:88: assert_malformed passed:
  0000022: error: call_indirect reserved value must be 0
out/test/spec/multi-value/binary.wast:106: assert_malformed passed:
  0000022: error: call_indirect reserved value must be 0
out/test/spec/multi-value/binary.wast:124: assert_malformed passed:
  0000022: error: call_indirect reserved value must be 0
out/test/spec/multi-value/binary.wast:143: assert_malformed passed:
  0000020: error: memory.grow reserved value must be 0
out/test/spec/multi-value/binary.wast:163: assert_malformed passed:
  0000020: error: memory.grow reserved value must be 0
out/test/spec/multi-value/binary.wast:183: assert_malformed passed:
  0000020: error: memory.grow reserved value must be 0
out/test/spec/multi-value/binary.wast:202: assert_malformed passed:
  0000020: error: memory.grow reserved value must be 0
out/test/spec/multi-value/binary.wast:221: assert_malformed passed:
  0000020: error: memory.grow reserved value must be 0
out/test/spec/multi-value/binary.wast:241: assert_malformed passed:
  000001e: error: memory.size reserved value must be 0
out/test/spec/multi-value/binary.wast:260: assert_malformed passed:
  000001e: error: memory.size reserved value must be 0
out/test/spec/multi-value/binary.wast:279: assert_malformed passed:
  000001e: error: memory.size reserved value must be 0
out/test/spec/multi-value/binary.wast:297: assert_malformed passed:
  000001e: error: memory.size reserved value must be 0
out/test/spec/multi-value/binary.wast:315: assert_malformed passed:
  000001e: error: memory.size reserved value must be 0
out/test/spec/multi-value/binary.wast:334: assert_malformed passed:
  000001c: error: local count must be < 0x10000000
out/test/spec/multi-value/binary.wast:366: assert_malformed passed:
  0000013: error: function signature count != function body count
out/test/spec/multi-value/binary.wast:376: assert_malformed passed:
  000000b: error: function signature count != function body count
out/test/spec/multi-value/binary.wast:385: assert_malformed passed:
  0000016: error: function signature count != function body count
out/test/spec/multi-value/binary.wast:396: assert_malformed passed:
  0000015: error: function signature count != function body count
out/test/spec/multi-value/binary.wast:425: assert_malformed passed:
  000000a: error: invalid section size: extends past end
out/test/spec/multi-value/binary.wast:436: assert_malformed passed:
  000000e: error: unfinished section (expected end: 0x11)
out/test/spec/multi-value/binary.wast:455: assert_malformed passed:
  0000027: error: unable to read u32 leb128: string length
out/test/spec/multi-value/binary.wast:474: assert_malformed passed:
  000002b: error: unfinished section (expected end: 0x40)
out/test/spec/multi-value/binary.wast:505: assert_malformed passed:
  000000b: error: invalid table count 1, only 0 bytes left in section
out/test/spec/multi-value/binary.wast:521: assert_malformed passed:
  000000b: error: invalid memory count 1, only 0 bytes left in section
out/test/spec/multi-value/binary.wast:537: assert_malformed passed:
  0000010: error: unable to read i32 leb128: global type
out/test/spec/multi-value/binary.wast:548: assert_malformed passed:
  0000010: error: unfinished section (expected end: 0x15)
out/test/spec/multi-value/binary.wast:571: assert_malformed passed:
  000001b: error: unable to read u32 leb128: string length
out/test/spec/multi-value/binary.wast:592: assert_malformed passed:
  000001b: error: unfinished section (expected end: 0x20)
out/test/spec/multi-value/binary.wast:626: assert_malformed passed:
  0000021: error: unable to read u32 leb128: elem segment flags
out/test/spec/multi-value/binary.wast:644: assert_malformed passed:
  0000021: error: unfinished section (expected end: 0x27)
out/test/spec/multi-value/binary.wast:670: assert_malformed passed:
  0000016: error: unable to read u32 leb128: data segment flags
out/test/spec/multi-value/binary.wast:683: assert_malformed passed:
  0000016: error: unfinished section (expected end: 0x1c)
out/test/spec/multi-value/binary.wast:696: assert_malformed passed:
  0000015: error: unable to read data: data segment data
out/test/spec/multi-value/binary.wast:710: assert_malformed passed:
  000001a: error: unfinished section (expected end: 0x1b)
out/test/spec/multi-value/binary.wast:741: assert_malformed passed:
  error: invalid depth: 11 (max 2)
  0000024: error: OnBrTableExpr callback failed
out/test/spec/multi-value/binary.wast:763: assert_malformed passed:
  error: function type variable out of range: 11 (max 1)
  0000025: error: OnBlockExpr callback failed
out/test/spec/multi-value/binary.wast:798: assert_malformed passed:
  0000017: error: multiple Start sections
67/67 tests passed.
;;; STDOUT ;;)
